15:10:21 - Python Version: 3.11.9 (tags/v3.11.9:de54cf5, Apr  2 2024, 10:12:12) [MSC v.1938 64 bit (AMD64)]
15:10:21 - MLL Proggenerator started V5.3.6b - 23.04.2025
15:10:21 -  Platform: Windows-10-10.0.19045-SP0
15:10:21 - Parameters; Namespace(loglevel='DEBUG', logfile=None, loaddatafile=None, startpage=None, port=None, z21simulator=None, caller=None, test=None, vb2py='True', special=None, ARDUINO_IDE=None, ESP32WINBAT='True')
15:10:21 - Installationfolder D:\data\doc\GitHub\pyMobaLedLib\python
15:10:21 - Logging Level: DEBUG Logfilename: D:\data\doc\GitHub\pyMobaLedLib\python\../logfile.log
15:10:21 -  Startpage: StartPage
15:10:21 - [Errno 2] No such file or directory: 'D:\\data\\doc\\GitHub\\pyMobaLedLib\\python\\ColorTestOnly.txt'
Traceback (most recent call last):
  File "D:\data\doc\GitHub\pyMobaLedLib\python\pyMobaLedLib.py", line 3708, in main_entry
    open(filepath1, 'r').close()
    ^^^^^^^^^^^^^^^^^^^^
FileNotFoundError: [Errno 2] No such file or directory: 'D:\\data\\doc\\GitHub\\pyMobaLedLib\\python\\ColorTestOnly.txt'
15:10:21 - Commandline args: {'logging_level': 'DEBUG', 'logfilename': 'D:\\data\\doc\\GitHub\\pyMobaLedLib\\python\\../logfile.log', 'startpagename': 'StartPage', 'loaddatafile': True, 'useESP32WINBAT': True, 'vb2py': True}
15:10:22 - readConfigData
15:10:22 - Warning: Config File D:\data\doc\GitHub\pyMobaLedLib\python\MobaLedTest_param.json not found
15:10:22 - Read Paramdata: {}
15:10:22 - ReadConfig: ../../MobaLedTest_config.json D:\data\doc\GitHub\pyMobaLedLib\python
{'serportnumber': 0, 'serportname': 'COM4', 'baudrate': 115200, 'maxLEDcount': '20', 'lastLedCount': 1, 'lastLedChannel': 0, 'lastLed': 0, 'pos_x': 1912, 'pos_y': -8, 'win_height': 1377, 'win_width': 2560, 'colorview': 1, 'startpage': 3, 'startpagename': 'StartPage', 'led_correction_r': 255, 'led_correction_g': 175, 'led_correction_b': 239, 'use_led_correction': True, 'old_color': '#FF455B', 'palette': {'ROOM_COL0': '#0F0D03', 'ROOM_COL1': '#162C1B', 'ROOM_COL2': '#9B4905', 'ROOM_COL3': '#271201', 'ROOM_COL4': '#1E0000', 'ROOM_COL5': '#4F2707', 'GAS_LIGHT D': '#323232', 'GAS LIGHT': '#FFFFFF', 'NEON_LIGHT D': '#14141B', 'NEON_LIGHT M': '#464650', 'NEON_LIGHT': '#F5F5FF', 'ROOM_TV0 A': '#323214', 'ROOM_TV0 B': '#46461E', 'ROOM_TV1 A': '#323208', 'ROOM_TV1 B': '#323208', 'SINGLE_LED': '#FFFFFF', 'SINGLE_LED D': '#323232'}, 'effectpalette': {'House': {'ROOM_DARK': '#323232', 'ROOM_BRIGHT': '#FFFFFF', 'ROOM_WARM_W': '#934D08', 'ROOM_RED': '#FF0000', 'ROOM_D_RED': '#320009', 'ROOM_COL0': '#0F0D03', 'ROOM_COL1': '#162C1B', 'ROOM_COL2': '#9B4905', 'ROOM_COL3': '#271201', 'ROOM_COL4': '#1E0000', 'ROOM_COL5': '#4F2707', 'ROOM_COL345': '#271201', 'FIRE': '#000000', 'FIRED': '#000000', 'FIREB': '#000000', 'ROOM_CHIMNEY': '#000000', 'ROOM_CHIMNEYD': '#000000', 'ROOM_CHIMNEYB': '#000000', 'ROOM_TV0': '#323214', 'ROOM_TV0_CHIMNEY': '#323214', 'ROOM_TV0_CHIMNEYD': '#323214', 'ROOM_TV0_CHIMNEYB': '#323214', 'ROOM_TV1': '#323208', 'ROOM_TV1_CHIMNEY': '#323208', 'ROOM_TV1_CHIMNEYD': '#323208', 'ROOM_TV1_CHIMNEYB': '#323208', 'NEON_LIGHT': '#F5F5FF', 'NEON_LIGHT_SGL': '#F5F5FF', 'NEON_LIGHT1': '#F5F5FF', 'NEON_LIGHT2': '#F5F5FF', 'NEON_LIGHT3': '#F5F5FF', 'NEON_LIGHTD': '#14141B', 'NEON_LIGHTD_SGL': '#14141B', 'NEON_LIGHT1D': '#14141B', 'NEON_LIGHT2D': '#14141B', 'NEON_LIGHT3D': '#14141B', 'NEON_LIGHTM': '#464650', 'NEON_LIGHTM_SGL': '#464650', 'NEON_LIGHT1M': '#464650', 'NEON_LIGHT2M': '#464650', 'NEON_LIGHT3M': '#464650', 'NEON_LIGHTL': '#464650', 'NEON_LIGHTL_SGL': '#464650', 'NEON_LIGHT1L': '#464650', 'NEON_LIGHT2L': '#464650', 'NEON_LIGHT3L': '#464650', 'NEON_DEF_D': '#14141B', 'NEON_DEF_D_SGL': '#14141B', 'NEON_DEF1D': '#14141B', 'NEON_DEF2D': '#14141B', 'NEON_DEF3D': '#14141B', 'LED_SGL': '#FFFFFF', 'SINGLE_LED1': '#FFFFFF', 'SINGLE_LED2': '#FFFFFF', 'SINGLE_LED3': '#FFFFFF', 'LED_D_SGL': '#323232', 'SINGLE_LED1D': '#323232', 'SINGLE_LED2D': '#323232', 'SINGLE_LED3D': '#323232', 'GAS_LIGHT': '#FFFFFF', 'GAS_LIGHT_SGL': '#FFFFFF', 'GAS_LIGHT1': '#FFFFFF', 'GAS_LIGHT2': '#FFFFFF', 'GAS_LIGHT3': '#FFFFFF', 'GAS_LIGHTD': '#323232', 'GAS_LIGHTD_SGL': '#323232', 'GAS_LIGHT1D': '#323232', 'GAS_LIGHT2D': '#323232', 'GAS_LIGHT3D': '#323232', 'SKIP_ROOM': '#000000'}, 'Const': {}, 'GasLights': {'NEON_LIGHT': 'NEON_LIGHT', 'NEON_LIGHT_SGL': 'NEON_LIGHT', 'NEON_LIGHT1': 'NEON_LIGHT', 'NEON_LIGHT2': 'NEON_LIGHT', 'NEON_LIGHT3': 'NEON_LIGHT', 'NEON_LIGHTD': 'NEON_LIGHT D', 'NEON_LIGHTD_SGL': 'NEON_LIGHT D', 'NEON_LIGHT1D': 'NEON_LIGHT D', 'NEON_LIGHT2D': 'NEON_LIGHT D', 'NEON_LIGHT3D': 'NEON_LIGHT D', 'NEON_LIGHTM': 'NEON_LIGHT M', 'NEON_LIGHTM_SGL': 'NEON_LIGHT M', 'NEON_LIGHT1M': 'NEON_LIGHT M', 'NEON_LIGHT2M': 'NEON_LIGHT M', 'NEON_LIGHT3M': 'NEON_LIGHT M', 'NEON_LIGHTL': '#464650', 'NEON_LIGHTL_SGL': '#464650', 'NEON_LIGHT1L': '#464650', 'NEON_LIGHT2L': '#464650', 'NEON_LIGHT3L': '#464650', 'NEON_DEF_D': 'NEON_LIGHT D', 'NEON_DEF_D_SGL': 'NEON_LIGHT D', 'NEON_DEF1D': 'NEON_LIGHT D', 'NEON_DEF2D': 'NEON_LIGHT D', 'NEON_DEF3D': 'NEON_LIGHT D', 'GAS_LIGHT': 'GAS LIGHT', 'GAS_LIGHT_SGL': 'GAS LIGHT', 'GAS_LIGHT1': 'GAS LIGHT', 'GAS_LIGHT2': 'GAS LIGHT', 'GAS_LIGHT3': 'GAS LIGHT', 'GAS_LIGHTD': 'GAS_LIGHT D', 'GAS_LIGHTD_SGL': 'GAS_LIGHT D', 'GAS_LIGHT1D': 'GAS_LIGHT D', 'GAS_LIGHT2D': 'GAS_LIGHT D', 'GAS_LIGHT3D': 'GAS_LIGHT D'}}, 'old_effect': 'ROOM_DARK', 'group_name': 'Group001', 'autoconnect': False, 'lastSound': 0, 'lastSoundImpuls': 200, 'startcmdcb': False, 'startcmd_filename': '', 'resourcePathcb': False, 'resourcePath_filename': '', 'ArduinoTypeName': 'Nano/Uno (neu)', 'ArduinoTypeNumber': 1, 'Z21Data': {'0': {'serportname': 'NO DEVICE', 'dcc_start': 1, 'dcc_end': 9999}, '1': {'serportname': 'NO DEVICE', 'dcc_start': 1, 'dcc_end': 9999}, '2': {'serportname': 'NO DEVICE', 'dcc_start': 1, 'dcc_end': 9999}}, 'lastservo_channel': 1, 'DCC BaseAddress': 100, 'ServoAddress': 0, 'ServoLEDChannel': 0, 'ServoChannel': 0, 'SoundAddress': 0, 'SoundLEDChannel': 0, 'SoundImpulsLength': 200, 'Sound_RED': 8, 'Sound_GREEN': 3, 'Sound_BLUE': 6, 'baudratenumber': 0, 'ARDUINOMessage': 0, 'Autoconnect': 0, 'ARDUINOShowAll': True, 'ARDUINOTakeOver': True, 'ARDUINOTest': False, 'UseZ21Data': False, 'ARDUINOBlink': False, 'MLLDigSysName': 'None', 'MLLDigSysNumber': 0, 'Baudrate': 115200, 'FontTitle': 12, 'FontLabel': 8, 'FontSpinbox': 8, 'FontScale': 8, 'FontName': 'Arial', 'FontNormal': 11, 'FontLarge': 14, 'FontSmall': 8, 'RMbusTimer': 100, 'ShowProgramGenerator': True, 'ShowPatternGenerator': False, 'ShowZ21Simulator': True, 'ShowHiddentables': False, 'PGIconSize': 10, 'AutoLoadWorkbooks': True, 'UseCOM_Port_UserForm': False, 'languagename': 'Auto', 'language': 0, 'logging_level': 'DEBUG', 'logfilename': 'D:\\data\\doc\\GitHub\\pyMobaLedLib\\python\\../logfile.log', 'loaddatafile': True, 'useESP32WINBAT': True, 'vb2py': True, 'LEDchannel': '', 'lastactive_tabname': 'ProgGeneratorPage'}
15:10:22 - running in a normal Python process
15:10:22 - ReadConfig: {'serportnumber': 0, 'serportname': 'COM4', 'baudrate': 115200, 'maxLEDcount': '20', 'lastLedCount': 1, 'lastLedChannel': 0, 'lastLed': 0, 'pos_x': 1912, 'pos_y': -8, 'win_height': 1377, 'win_width': 2560, 'colorview': 1, 'startpage': 3, 'startpagename': 'StartPage', 'led_correction_r': 255, 'led_correction_g': 175, 'led_correction_b': 239, 'use_led_correction': True, 'old_color': '#FF455B', 'palette': {'ROOM_COL0': '#0F0D03', 'ROOM_COL1': '#162C1B', 'ROOM_COL2': '#9B4905', 'ROOM_COL3': '#271201', 'ROOM_COL4': '#1E0000', 'ROOM_COL5': '#4F2707', 'GAS_LIGHT D': '#323232', 'GAS LIGHT': '#FFFFFF', 'NEON_LIGHT D': '#14141B', 'NEON_LIGHT M': '#464650', 'NEON_LIGHT': '#F5F5FF', 'ROOM_TV0 A': '#323214', 'ROOM_TV0 B': '#46461E', 'ROOM_TV1 A': '#323208', 'ROOM_TV1 B': '#323208', 'SINGLE_LED': '#FFFFFF', 'SINGLE_LED D': '#323232'}, 'effectpalette': {'House': {'ROOM_DARK': '#323232', 'ROOM_BRIGHT': '#FFFFFF', 'ROOM_WARM_W': '#934D08', 'ROOM_RED': '#FF0000', 'ROOM_D_RED': '#320009', 'ROOM_COL0': '#0F0D03', 'ROOM_COL1': '#162C1B', 'ROOM_COL2': '#9B4905', 'ROOM_COL3': '#271201', 'ROOM_COL4': '#1E0000', 'ROOM_COL5': '#4F2707', 'ROOM_COL345': '#271201', 'FIRE': '#000000', 'FIRED': '#000000', 'FIREB': '#000000', 'ROOM_CHIMNEY': '#000000', 'ROOM_CHIMNEYD': '#000000', 'ROOM_CHIMNEYB': '#000000', 'ROOM_TV0': '#323214', 'ROOM_TV0_CHIMNEY': '#323214', 'ROOM_TV0_CHIMNEYD': '#323214', 'ROOM_TV0_CHIMNEYB': '#323214', 'ROOM_TV1': '#323208', 'ROOM_TV1_CHIMNEY': '#323208', 'ROOM_TV1_CHIMNEYD': '#323208', 'ROOM_TV1_CHIMNEYB': '#323208', 'NEON_LIGHT': '#F5F5FF', 'NEON_LIGHT_SGL': '#F5F5FF', 'NEON_LIGHT1': '#F5F5FF', 'NEON_LIGHT2': '#F5F5FF', 'NEON_LIGHT3': '#F5F5FF', 'NEON_LIGHTD': '#14141B', 'NEON_LIGHTD_SGL': '#14141B', 'NEON_LIGHT1D': '#14141B', 'NEON_LIGHT2D': '#14141B', 'NEON_LIGHT3D': '#14141B', 'NEON_LIGHTM': '#464650', 'NEON_LIGHTM_SGL': '#464650', 'NEON_LIGHT1M': '#464650', 'NEON_LIGHT2M': '#464650', 'NEON_LIGHT3M': '#464650', 'NEON_LIGHTL': '#464650', 'NEON_LIGHTL_SGL': '#464650', 'NEON_LIGHT1L': '#464650', 'NEON_LIGHT2L': '#464650', 'NEON_LIGHT3L': '#464650', 'NEON_DEF_D': '#14141B', 'NEON_DEF_D_SGL': '#14141B', 'NEON_DEF1D': '#14141B', 'NEON_DEF2D': '#14141B', 'NEON_DEF3D': '#14141B', 'LED_SGL': '#FFFFFF', 'SINGLE_LED1': '#FFFFFF', 'SINGLE_LED2': '#FFFFFF', 'SINGLE_LED3': '#FFFFFF', 'LED_D_SGL': '#323232', 'SINGLE_LED1D': '#323232', 'SINGLE_LED2D': '#323232', 'SINGLE_LED3D': '#323232', 'GAS_LIGHT': '#FFFFFF', 'GAS_LIGHT_SGL': '#FFFFFF', 'GAS_LIGHT1': '#FFFFFF', 'GAS_LIGHT2': '#FFFFFF', 'GAS_LIGHT3': '#FFFFFF', 'GAS_LIGHTD': '#323232', 'GAS_LIGHTD_SGL': '#323232', 'GAS_LIGHT1D': '#323232', 'GAS_LIGHT2D': '#323232', 'GAS_LIGHT3D': '#323232', 'SKIP_ROOM': '#000000'}, 'Const': {}, 'GasLights': {'NEON_LIGHT': 'NEON_LIGHT', 'NEON_LIGHT_SGL': 'NEON_LIGHT', 'NEON_LIGHT1': 'NEON_LIGHT', 'NEON_LIGHT2': 'NEON_LIGHT', 'NEON_LIGHT3': 'NEON_LIGHT', 'NEON_LIGHTD': 'NEON_LIGHT D', 'NEON_LIGHTD_SGL': 'NEON_LIGHT D', 'NEON_LIGHT1D': 'NEON_LIGHT D', 'NEON_LIGHT2D': 'NEON_LIGHT D', 'NEON_LIGHT3D': 'NEON_LIGHT D', 'NEON_LIGHTM': 'NEON_LIGHT M', 'NEON_LIGHTM_SGL': 'NEON_LIGHT M', 'NEON_LIGHT1M': 'NEON_LIGHT M', 'NEON_LIGHT2M': 'NEON_LIGHT M', 'NEON_LIGHT3M': 'NEON_LIGHT M', 'NEON_LIGHTL': '#464650', 'NEON_LIGHTL_SGL': '#464650', 'NEON_LIGHT1L': '#464650', 'NEON_LIGHT2L': '#464650', 'NEON_LIGHT3L': '#464650', 'NEON_DEF_D': 'NEON_LIGHT D', 'NEON_DEF_D_SGL': 'NEON_LIGHT D', 'NEON_DEF1D': 'NEON_LIGHT D', 'NEON_DEF2D': 'NEON_LIGHT D', 'NEON_DEF3D': 'NEON_LIGHT D', 'GAS_LIGHT': 'GAS LIGHT', 'GAS_LIGHT_SGL': 'GAS LIGHT', 'GAS_LIGHT1': 'GAS LIGHT', 'GAS_LIGHT2': 'GAS LIGHT', 'GAS_LIGHT3': 'GAS LIGHT', 'GAS_LIGHTD': 'GAS_LIGHT D', 'GAS_LIGHTD_SGL': 'GAS_LIGHT D', 'GAS_LIGHT1D': 'GAS_LIGHT D', 'GAS_LIGHT2D': 'GAS_LIGHT D', 'GAS_LIGHT3D': 'GAS_LIGHT D'}}, 'old_effect': 'ROOM_DARK', 'group_name': 'Group001', 'autoconnect': False, 'lastSound': 0, 'lastSoundImpuls': 200, 'startcmdcb': False, 'startcmd_filename': '', 'resourcePathcb': False, 'resourcePath_filename': '', 'ArduinoTypeName': 'Nano/Uno (neu)', 'ArduinoTypeNumber': 1, 'Z21Data': {'0': {'serportname': 'NO DEVICE', 'dcc_start': 1, 'dcc_end': 9999}, '1': {'serportname': 'NO DEVICE', 'dcc_start': 1, 'dcc_end': 9999}, '2': {'serportname': 'NO DEVICE', 'dcc_start': 1, 'dcc_end': 9999}}, 'lastservo_channel': 1, 'DCC BaseAddress': 100, 'ServoAddress': 0, 'ServoLEDChannel': 0, 'ServoChannel': 0, 'SoundAddress': 0, 'SoundLEDChannel': 0, 'SoundImpulsLength': 200, 'Sound_RED': 8, 'Sound_GREEN': 3, 'Sound_BLUE': 6, 'baudratenumber': 0, 'ARDUINOMessage': 0, 'Autoconnect': 0, 'ARDUINOShowAll': True, 'ARDUINOTakeOver': True, 'ARDUINOTest': False, 'UseZ21Data': False, 'ARDUINOBlink': False, 'MLLDigSysName': 'None', 'MLLDigSysNumber': 0, 'Baudrate': 115200, 'FontTitle': 12, 'FontLabel': 8, 'FontSpinbox': 8, 'FontScale': 8, 'FontName': 'Arial', 'FontNormal': 11, 'FontLarge': 14, 'FontSmall': 8, 'RMbusTimer': 100, 'ShowProgramGenerator': True, 'ShowPatternGenerator': False, 'ShowZ21Simulator': True, 'ShowHiddentables': False, 'PGIconSize': 10, 'AutoLoadWorkbooks': True, 'UseCOM_Port_UserForm': False, 'languagename': 'Auto', 'language': 0, 'logging_level': 'DEBUG', 'logfilename': 'D:\\data\\doc\\GitHub\\pyMobaLedLib\\python\\../logfile.log', 'loaddatafile': True, 'useESP32WINBAT': True, 'vb2py': True, 'LEDchannel': '', 'lastactive_tabname': 'ProgGeneratorPage'}
15:10:22 - Font sizenormal: 11 sizelarge: 14 sizesmall: 8
15:10:22 - Screenwidht: 1920 Screenheight: 1080 ScaleFactor: 1.0
15:10:22 - Windowwidth: 2560 Windowheight: 1377
15:10:22 - pos_x: 1912 pos_y: -8
15:10:22 - set_statusmessage: Erstelle ProgramGenerator Seite ...
15:10:22 - set_statusmessage: Erstelle Workbook: ProgGenerator
15:10:22 - set_statusmessage: Erstelle WorkSheet: DCC
15:10:23 - STREAM b'IHDR' 16 13
15:10:23 - STREAM b'sRGB' 41 1
15:10:23 - STREAM b'gAMA' 54 4
15:10:23 - STREAM b'pHYs' 70 9
15:10:23 - STREAM b'IDAT' 91 6382
15:10:23 - STREAM b'IHDR' 16 13
15:10:23 - STREAM b'sRGB' 41 1
15:10:23 - STREAM b'gAMA' 54 4
15:10:23 - STREAM b'pHYs' 70 9
15:10:23 - STREAM b'IDAT' 91 5037
15:10:24 - set_statusmessage: Erstelle WorkSheet: Selectrix
15:10:24 - set_statusmessage: Erstelle WorkSheet: CAN
15:10:24 - set_statusmessage: Erstelle WorkSheet: LNet
15:10:24 - set_statusmessage: Erstelle WorkSheet: Examples
15:10:24 - set_statusmessage: Erstelle WorkSheet: Config
15:10:24 - set_statusmessage: Erstelle WorkSheet: Languages
15:10:24 - set_statusmessage: Erstelle WorkSheet: Lib_Macros
15:10:24 - set_statusmessage: Erstelle WorkSheet: Libraries
15:10:24 - set_statusmessage: Erstelle WorkSheet: Par_Description
15:10:24 - set_statusmessage: Erstelle WorkSheet: Platform_Parameters
15:10:24 - set_statusmessage: Erstelle WorkSheet: Named_Ranges
15:10:24 - Set_activeworkbook:	ProgGenerator
15:10:24 - Set_activeworkbook:	ProgGenerator
15:10:24 - Set_activeworkbook:	ProgGenerator
15:10:24 - Set_activeworkbook:	ProgGenerator
15:10:25 - Load Workbook:D:\data\doc\GitHub\pyMobaLedLib\python\../temp_workbook.table_ProgGenerator.json
15:10:25 - FileVersion:V5.3.6a - 23.04.2025
15:10:25 - set_statusmessage: Erstelle WorkSheet: Anlage
15:10:25 - set_statusmessage: Erstelle WorkSheet: DCC_1
15:10:25 - set_statusmessage: Workbook: ProgGenerator Loading:DCC
15:10:25 - Set_activeworkbook:	ProgGenerator
15:10:25 - Set_activeworkbook:	ProgGenerator
15:10:25 - TabChanged  - .!notebook.!prog_generatorpage.!frame.!frame4.!notebook.!frame
15:10:25 - set_statusmessage: Workbook: ProgGenerator Loading:Selectrix
15:10:25 - set_statusmessage: Workbook: ProgGenerator Loading:CAN
15:10:25 - set_statusmessage: Workbook: ProgGenerator Loading:LNet
15:10:25 - set_statusmessage: Workbook: ProgGenerator Loading:Examples
15:10:25 - set_statusmessage: Workbook: ProgGenerator Loading:Config
15:10:25 - set_statusmessage: Workbook: ProgGenerator Loading:Languages
15:10:25 - set_statusmessage: Workbook: ProgGenerator Loading:Lib_Macros
15:10:25 - set_statusmessage: Workbook: ProgGenerator Loading:Libraries
15:10:25 - set_statusmessage: Workbook: ProgGenerator Loading:Par_Description
15:10:25 - set_statusmessage: Workbook: ProgGenerator Loading:Platform_Parameters
15:10:25 - set_statusmessage: Workbook: ProgGenerator Loading:Named_Ranges
15:10:25 - set_statusmessage: Workbook: ProgGenerator Loading:Anlage
15:10:26 - set_statusmessage: Workbook: ProgGenerator Loading:DCC_1
15:10:26 - set_statusmessage: Init Workbook: ProgGenerator
15:10:26 - set_statusmessage: Init Workbook: ProgGenerator Sheet: DCC
15:10:26 - set_statusmessage: Init Workbook: ProgGenerator Sheet: Selectrix
15:10:26 - set_statusmessage: Init Workbook: ProgGenerator Sheet: CAN
15:10:26 - set_statusmessage: Init Workbook: ProgGenerator Sheet: LNet
15:10:26 - set_statusmessage: Init Workbook: ProgGenerator Sheet: Examples
15:10:26 - set_statusmessage: Init Workbook: ProgGenerator Sheet: Config
15:10:26 - set_statusmessage: Init Workbook: ProgGenerator Sheet: Languages
15:10:26 - set_statusmessage: Init Workbook: ProgGenerator Sheet: Lib_Macros
15:10:26 - set_statusmessage: Init Workbook: ProgGenerator Sheet: Libraries
15:10:26 - add_controls
15:10:26 - add_controls:{'Name': 'Check_Actual_Versions', 'BackColor': '#FFFFFF', 'BorderColor': '#000012', 'Caption': '', 'Height': 24, 'Left': None, 'Col': 2, 'Top': None, 'Row': 2, 'Type': 'FormWindow', 'Visible': True, 'Width': 74, 'Components': [{'Name': 'Check_Actual_Versions', 'Accelerator': '', 'BackColor': '#00000F', 'BorderColor': '#000006', 'BorderStyle': 'fmBorderStyleNone', 'IconName': '', 'Caption': 'Check actual versions', 'Command': 'button_check_actual_versions_cmd', 'ControlTipText': '', 'ForeColor': '#000012', 'Height': 20, 'Left': 2, 'Top': 2, 'Type': 'CommandButton', 'Visible': True, 'Width': 70}]}
15:10:26 - add_controls:{'Name': 'Install_Selected', 'BackColor': '#FFFFFF', 'BorderColor': '#000012', 'Caption': '', 'Height': 24, 'Left': None, 'Col': 2, 'Top': None, 'Row': 4, 'Type': 'FormWindow', 'Visible': True, 'Width': 74, 'Components': [{'Name': 'Install_Selected', 'Accelerator': '', 'BackColor': '#00000F', 'BorderColor': '#000006', 'BorderStyle': 'fmBorderStyleNone', 'IconName': '', 'Caption': 'Install selected', 'Command': 'button_install_selected_cmd', 'ControlTipText': '', 'ForeColor': '#000012', 'Height': 20, 'Left': 2, 'Top': 2, 'Type': 'CommandButton', 'Visible': True, 'Width': 70}]}
15:10:26 - add_controls:{'Name': 'Delete_Selected', 'BackColor': '#FFFFFF', 'BorderColor': '#000012', 'Caption': '', 'Height': 24, 'Left': None, 'Col': 2, 'Top': None, 'Row': 6, 'Type': 'FormWindow', 'Visible': True, 'Width': 74, 'Components': [{'Name': 'Delete_Selected', 'Accelerator': '', 'BackColor': '#00000F', 'BorderColor': '#000006', 'BorderStyle': 'fmBorderStyleNone', 'IconName': '', 'Caption': 'Delete selected', 'Command': 'button_delete_selected_cmd', 'ControlTipText': '', 'ForeColor': '#000012', 'Height': 20, 'Left': 2, 'Top': 2, 'Type': 'CommandButton', 'Visible': True, 'Width': 70}]}
15:10:26 - Evt_SheetSelectionChange:{'eventname': 'select', 'sheetname': 'Languages', 'cells': {'table': {}, 'header': {}, 'index': {}}, 'moved': {'rows': {}, 'columns': {}}, 'added': {'rows': {}, 'columns': {}}, 'deleted': {'rows': {}, 'columns': {}, 'header': {}, 'index': {}, 'column_widths': {}, 'row_heights': {}, 'displayed_rows': None, 'displayed_columns': None}, 'named_spans': {}, 'options': {}, 'selection_boxes': {Box_nt(from_r=1092, from_c=0, upto_r=1094, upto_c=9): 'rows'}, 'selected': CurrentlySelectedClass(row=1092, column=0, type_='row', tags=('selected', '1092_0_1094_9', 'iid_3', '1092_0', 'type_rows')), 'being_selected': (), 'data': [], 'key': '', 'value': None, 'loc': (), 'resized': {'rows': {}, 'columns': {}}}
15:10:26 - Synch_Evt_SheetChange:<tksheet.sheet.Sheet object .!notebook.!prog_generatorpage.!frame.!frame4.!notebook.!frame7.!sheet>
15:10:26 - Evt_SheetBeforeDoubleClick:'Check actual versions'
15:10:26 - Evt_SheetSelectionChange:{'eventname': 'select', 'sheetname': 'Languages', 'cells': {'table': {}, 'header': {}, 'index': {}}, 'moved': {'rows': {}, 'columns': {}}, 'added': {'rows': {}, 'columns': {}}, 'deleted': {'rows': {}, 'columns': {}, 'header': {}, 'index': {}, 'column_widths': {}, 'row_heights': {}, 'displayed_rows': None, 'displayed_columns': None}, 'named_spans': {}, 'options': {}, 'selection_boxes': {}, 'selected': (), 'being_selected': (), 'data': [], 'key': '', 'value': None, 'loc': (), 'resized': {'rows': {}, 'columns': {}}}
15:10:26 - Evt_SheetSelectionChange:{'eventname': 'select', 'sheetname': 'Languages', 'cells': {'table': {}, 'header': {}, 'index': {}}, 'moved': {'rows': {}, 'columns': {}}, 'added': {'rows': {}, 'columns': {}}, 'deleted': {'rows': {}, 'columns': {}, 'header': {}, 'index': {}, 'column_widths': {}, 'row_heights': {}, 'displayed_rows': None, 'displayed_columns': None}, 'named_spans': {}, 'options': {}, 'selection_boxes': {Box_nt(from_r=1094, from_c=0, upto_r=1096, upto_c=9): 'rows'}, 'selected': CurrentlySelectedClass(row=1094, column=0, type_='row', tags=('selected', '1094_0_1096_9', 'iid_6', '1094_0', 'type_rows')), 'being_selected': (), 'data': [], 'key': '', 'value': None, 'loc': (), 'resized': {'rows': {}, 'columns': {}}}
15:10:26 - Synch_Evt_SheetChange:<tksheet.sheet.Sheet object .!notebook.!prog_generatorpage.!frame.!frame4.!notebook.!frame7.!sheet>
15:10:26 - Evt_SheetBeforeDoubleClick:'Install selected'
15:10:26 - Evt_SheetSelectionChange:{'eventname': 'select', 'sheetname': 'Languages', 'cells': {'table': {}, 'header': {}, 'index': {}}, 'moved': {'rows': {}, 'columns': {}}, 'added': {'rows': {}, 'columns': {}}, 'deleted': {'rows': {}, 'columns': {}, 'header': {}, 'index': {}, 'column_widths': {}, 'row_heights': {}, 'displayed_rows': None, 'displayed_columns': None}, 'named_spans': {}, 'options': {}, 'selection_boxes': {}, 'selected': (), 'being_selected': (), 'data': [], 'key': '', 'value': None, 'loc': (), 'resized': {'rows': {}, 'columns': {}}}
15:10:26 - Evt_SheetSelectionChange:{'eventname': 'select', 'sheetname': 'Languages', 'cells': {'table': {}, 'header': {}, 'index': {}}, 'moved': {'rows': {}, 'columns': {}}, 'added': {'rows': {}, 'columns': {}}, 'deleted': {'rows': {}, 'columns': {}, 'header': {}, 'index': {}, 'column_widths': {}, 'row_heights': {}, 'displayed_rows': None, 'displayed_columns': None}, 'named_spans': {}, 'options': {}, 'selection_boxes': {Box_nt(from_r=1096, from_c=0, upto_r=1098, upto_c=9): 'rows'}, 'selected': CurrentlySelectedClass(row=1096, column=0, type_='row', tags=('selected', '1096_0_1098_9', 'iid_9', '1096_0', 'type_rows')), 'being_selected': (), 'data': [], 'key': '', 'value': None, 'loc': (), 'resized': {'rows': {}, 'columns': {}}}
15:10:26 - Synch_Evt_SheetChange:<tksheet.sheet.Sheet object .!notebook.!prog_generatorpage.!frame.!frame4.!notebook.!frame7.!sheet>
15:10:26 - Evt_SheetBeforeDoubleClick:'Delete selected'
15:10:26 - set_statusmessage: Init Workbook: ProgGenerator Sheet: Par_Description
15:10:26 - set_statusmessage: Init Workbook: ProgGenerator Sheet: Platform_Parameters
15:10:26 - set_statusmessage: Init Workbook: ProgGenerator Sheet: Named_Ranges
15:10:26 - set_statusmessage: Init Workbook: ProgGenerator Sheet: Anlage
15:10:26 - set_statusmessage: Init Workbook: ProgGenerator Sheet: DCC_1
15:10:26 - Set_activeworkbook:	ProgGenerator
15:10:26 - Set_activeworkbook:	ProgGenerator
15:10:26 - set_statusmessage: Init WorkbookFunction: ProgGenerator
15:10:26 - Checkplatform: Current platform=Windows- Checked Platform=Windows
15:10:26 - Workbook_init - AppLoc_Ardu:\AppData\Local\Arduino15\
15:10:26 - Workbook_init - Env_USERPROFILE:USERPROFILE
15:10:26 - Evt_SheetSelectionChange:{'eventname': 'select', 'sheetname': 'Languages', 'cells': {'table': {}, 'header': {}, 'index': {}}, 'moved': {'rows': {}, 'columns': {}}, 'added': {'rows': {}, 'columns': {}}, 'deleted': {'rows': {}, 'columns': {}, 'header': {}, 'index': {}, 'column_widths': {}, 'row_heights': {}, 'displayed_rows': None, 'displayed_columns': None}, 'named_spans': {}, 'options': {}, 'selection_boxes': {}, 'selected': (), 'being_selected': (), 'data': [], 'key': '', 'value': None, 'loc': (), 'resized': {'rows': {}, 'columns': {}}}
15:10:26 - Evt_SheetSelectionChange:{'eventname': 'select', 'sheetname': 'Languages', 'cells': {'table': {}, 'header': {}, 'index': {}}, 'moved': {'rows': {}, 'columns': {}}, 'added': {'rows': {}, 'columns': {}}, 'deleted': {'rows': {}, 'columns': {}, 'header': {}, 'index': {}, 'column_widths': {}, 'row_heights': {}, 'displayed_rows': None, 'displayed_columns': None}, 'named_spans': {}, 'options': {}, 'selection_boxes': {Box_nt(from_r=1098, from_c=0, upto_r=1100, upto_c=9): 'rows'}, 'selected': CurrentlySelectedClass(row=1098, column=0, type_='row', tags=('selected', '1098_0_1100_9', 'iid_12', '1098_0', 'type_rows')), 'being_selected': (), 'data': [], 'key': '', 'value': None, 'loc': (), 'resized': {'rows': {}, 'columns': {}}}
15:10:26 - Synch_Evt_SheetChange:<tksheet.sheet.Sheet object .!notebook.!prog_generatorpage.!frame.!frame4.!notebook.!frame7.!sheet>
15:10:26 - Evt_SheetBeforeDoubleClick:'Simple Input'
15:10:26 - Workbook_Open() called
15:10:26 - Workbook_Open() called
15:10:26 - EventSH_cellselected
15:10:26 - EventSH_cellselected
15:10:26 - EventSH_cellselected
15:10:26 - EventSH_cellselected
15:10:26 - EventSH_cellselected
15:10:26 - EventSH_cellselected
15:10:26 - EventSH_cellselected
15:10:26 - EventSH_cellselected
15:10:26 - EventSH_cellselected
15:10:26 - EventSH_cellselected
15:10:26 - EventSH_cellselected
15:10:26 - EventSH_cellselected
15:10:26 - EventSH_cellselected
15:10:26 - EventSH_cellselected
15:10:26 - Dir:C:\Program Files (x86)\Arduino\arduino_debug.exe
15:10:26 - Dir:C:\Program Files (x86)\Arduino\arduino_debug.exe
15:10:26 - _last_files:['C:\\Program Files (x86)\\Arduino\\arduino_debug.exe']
15:10:26 - _last_files:['C:\\Program Files (x86)\\Arduino\\arduino_debug.exe']
15:10:26 - Find ARDUINO exe - Individual Filename: C:\Program Files (x86)\Arduino\arduino_debug.exe
15:10:26 - Set_activeworkbook:	ProgGenerator
15:10:26 - Set_activeworkbook:	ProgGenerator
15:10:26 - TabChanged  - .!notebook.!prog_generatorpage.!frame.!frame4.!notebook.!frame
15:10:26 - Set_activeworkbook:	ProgGenerator
15:10:26 - Set_activeworkbook:	ProgGenerator
15:10:26 - TabChanged  - .!notebook.!prog_generatorpage.!frame.!frame4.!notebook.!frame
15:10:26 - Set_activeworkbook:	ProgGenerator
15:10:26 - Set_activeworkbook:	ProgGenerator
15:10:26 - TabChanged  - .!notebook.!prog_generatorpage.!frame.!frame4.!notebook.!frame
15:10:26 - Set_activeworkbook:	ProgGenerator
15:10:26 - Set_activeworkbook:	ProgGenerator
15:10:26 - TabChanged  - .!notebook.!prog_generatorpage.!frame.!frame4.!notebook.!frame
15:10:26 - Set_activeworkbook:	ProgGenerator
15:10:26 - Set_activeworkbook:	ProgGenerator
15:10:26 - TabChanged  - .!notebook.!prog_generatorpage.!frame.!frame4.!notebook.!frame
15:10:26 - Set_activeworkbook:	ProgGenerator
15:10:26 - Set_activeworkbook:	ProgGenerator
15:10:26 - TabChanged  - .!notebook.!prog_generatorpage.!frame.!frame4.!notebook.!frame
15:10:26 - Set_activeworkbook:	ProgGenerator
15:10:26 - Set_activeworkbook:	ProgGenerator
15:10:26 - TabChanged  - .!notebook.!prog_generatorpage.!frame.!frame4.!notebook.!frame
15:10:26 - Update_General_Versions
15:10:26 - Update_General_Versions
15:10:26 - Dir:C:\Program Files (x86)\Arduino\arduino_debug.exe
15:10:26 - Dir:C:\Program Files (x86)\Arduino\arduino_debug.exe
15:10:26 - _last_files:['C:\\Program Files (x86)\\Arduino\\arduino_debug.exe']
15:10:26 - _last_files:['C:\\Program Files (x86)\\Arduino\\arduino_debug.exe']
15:10:26 - Find ARDUINO exe - Individual Filename: C:\Program Files (x86)\Arduino\arduino_debug.exe
15:10:26 - Dir:C:\Program Files (x86)\Arduino\arduino_debug.exe
15:10:26 - Dir:C:\Program Files (x86)\Arduino\arduino_debug.exe
15:10:26 - _last_files:['C:\\Program Files (x86)\\Arduino\\arduino_debug.exe']
15:10:26 - _last_files:['C:\\Program Files (x86)\\Arduino\\arduino_debug.exe']
15:10:26 - Find ARDUINO exe - Individual Filename: C:\Program Files (x86)\Arduino\arduino_debug.exe
15:10:26 - Dir:C:\Users\Harold\AppData\Local\Arduino15\packages/arduino/hardware/avr/*.*
15:10:26 - Dir:C:\Users\Harold\AppData\Local\Arduino15\packages/arduino/hardware/avr/*.*
15:10:26 - _last_files:['C:\\Users\\Harold\\AppData\\Local\\Arduino15\\packages/arduino/hardware/avr\\1.8.6']
15:10:26 - _last_files:['C:\\Users\\Harold\\AppData\\Local\\Arduino15\\packages/arduino/hardware/avr\\1.8.6']
15:10:26 - Get_All_Library_States
15:10:26 - Get_All_Library_States
15:10:26 - Read_Sketchbook_Path_from_preference_txt - Name:C:\Users\Harold\AppData\Local\Arduino15\preferences.txt
15:10:26 - Read_Sketchbook_Path_from_preference_txt - Name:C:\Users\Harold\AppData\Local\Arduino15\preferences.txt
15:10:26 - Sketchbookpath=C:\Users\Harold\Documents\Arduino
15:10:26 - Create_Folder:C:\Users\Harold\Documents\Arduino/
15:10:26 - Dir:C:\Users\Harold\Documents\Arduino
15:10:26 - Dir:C:\Users\Harold\Documents\Arduino
15:10:26 - _last_files:['C:\\Users\\Harold\\Documents\\Arduino']
15:10:26 - _last_files:['C:\\Users\\Harold\\Documents\\Arduino']
15:10:26 - Dir:C:\Users\Harold\Documents\Arduino/libraries/MobaLedLib/library.properties
15:10:26 - Dir:C:\Users\Harold\Documents\Arduino/libraries/MobaLedLib/library.properties
15:10:26 - _last_files:['C:\\Users\\Harold\\Documents\\Arduino/libraries/MobaLedLib/library.properties']
15:10:26 - _last_files:['C:\\Users\\Harold\\Documents\\Arduino/libraries/MobaLedLib/library.properties']
15:10:26 - Dir:C:\Users\Harold\Documents\Arduino/libraries/MobaLedLib/library.properties
15:10:26 - Dir:C:\Users\Harold\Documents\Arduino/libraries/MobaLedLib/library.properties
15:10:26 - _last_files:['C:\\Users\\Harold\\Documents\\Arduino/libraries/MobaLedLib/library.properties']
15:10:26 - _last_files:['C:\\Users\\Harold\\Documents\\Arduino/libraries/MobaLedLib/library.properties']
15:10:26 - Dir:C:\Users\Harold\Documents\Arduino/libraries/MobaLedLib/library.properties
15:10:26 - Dir:C:\Users\Harold\Documents\Arduino/libraries/MobaLedLib/library.properties
15:10:26 - _last_files:['C:\\Users\\Harold\\Documents\\Arduino/libraries/MobaLedLib/library.properties']
15:10:26 - _last_files:['C:\\Users\\Harold\\Documents\\Arduino/libraries/MobaLedLib/library.properties']
15:10:26 - Dir:C:\Users\Harold\Documents\Arduino/libraries/FastLED/library.properties
15:10:26 - Dir:C:\Users\Harold\Documents\Arduino/libraries/FastLED/library.properties
15:10:26 - _last_files:['C:\\Users\\Harold\\Documents\\Arduino/libraries/FastLED/library.properties']
15:10:26 - _last_files:['C:\\Users\\Harold\\Documents\\Arduino/libraries/FastLED/library.properties']
15:10:26 - Dir:C:\Users\Harold\Documents\Arduino/libraries/NmraDcc/library.properties
15:10:26 - Dir:C:\Users\Harold\Documents\Arduino/libraries/NmraDcc/library.properties
15:10:26 - _last_files:['C:\\Users\\Harold\\Documents\\Arduino/libraries/NmraDcc/library.properties']
15:10:26 - _last_files:['C:\\Users\\Harold\\Documents\\Arduino/libraries/NmraDcc/library.properties']
15:10:26 - Dir:C:\Users\Harold\Documents\Arduino/libraries/AnalogScanner/library.properties
15:10:26 - Dir:C:\Users\Harold\Documents\Arduino/libraries/AnalogScanner/library.properties
15:10:26 - _last_files: None
15:10:26 - _last_files: None
15:10:26 - Dir:C:\Users\Harold\Documents\Arduino/libraries/ATtinySerialOut/library.properties
15:10:26 - Dir:C:\Users\Harold\Documents\Arduino/libraries/ATtinySerialOut/library.properties
15:10:26 - _last_files:['C:\\Users\\Harold\\Documents\\Arduino/libraries/ATtinySerialOut/library.properties']
15:10:26 - _last_files:['C:\\Users\\Harold\\Documents\\Arduino/libraries/ATtinySerialOut/library.properties']
15:10:26 - Dir:C:\Users\Harold\Documents\Arduino/libraries/DIO2/library.properties
15:10:26 - Dir:C:\Users\Harold\Documents\Arduino/libraries/DIO2/library.properties
15:10:26 - _last_files:['C:\\Users\\Harold\\Documents\\Arduino/libraries/DIO2/library.properties']
15:10:26 - _last_files:['C:\\Users\\Harold\\Documents\\Arduino/libraries/DIO2/library.properties']
15:10:26 - Dir:C:\Users\Harold\Documents\Arduino/libraries/EWMA/library.properties
15:10:26 - Dir:C:\Users\Harold\Documents\Arduino/libraries/EWMA/library.properties
15:10:26 - _last_files:['C:\\Users\\Harold\\Documents\\Arduino/libraries/EWMA/library.properties']
15:10:26 - _last_files:['C:\\Users\\Harold\\Documents\\Arduino/libraries/EWMA/library.properties']
15:10:26 - Dir:C:\Users\Harold\Documents\Arduino/libraries/MobaTools/library.properties
15:10:26 - Dir:C:\Users\Harold\Documents\Arduino/libraries/MobaTools/library.properties
15:10:26 - _last_files:['C:\\Users\\Harold\\Documents\\Arduino/libraries/MobaTools/library.properties']
15:10:26 - _last_files:['C:\\Users\\Harold\\Documents\\Arduino/libraries/MobaTools/library.properties']
15:10:26 - Dir:C:\Users\Harold\Documents\Arduino/libraries/LocoNet/library.properties
15:10:26 - Dir:C:\Users\Harold\Documents\Arduino/libraries/LocoNet/library.properties
15:10:26 - _last_files:['C:\\Users\\Harold\\Documents\\Arduino/libraries/LocoNet/library.properties']
15:10:26 - _last_files:['C:\\Users\\Harold\\Documents\\Arduino/libraries/LocoNet/library.properties']
15:10:26 - Dir:C:\Users\Harold\Documents\Arduino/libraries/TimerOne/library.properties
15:10:26 - Dir:C:\Users\Harold\Documents\Arduino/libraries/TimerOne/library.properties
15:10:26 - _last_files:['C:\\Users\\Harold\\Documents\\Arduino/libraries/TimerOne/library.properties']
15:10:26 - _last_files:['C:\\Users\\Harold\\Documents\\Arduino/libraries/TimerOne/library.properties']
15:10:26 - Checkplatform: Current platform=Windows- Checked Platform=Windows
15:10:26 - Dir:C:\Users\Harold\AppData\Local\Arduino15\packages/ATTinyCore/hardware/avr/*.*
15:10:26 - Dir:C:\Users\Harold\AppData\Local\Arduino15\packages/ATTinyCore/hardware/avr/*.*
15:10:26 - _last_files:['C:\\Users\\Harold\\AppData\\Local\\Arduino15\\packages/ATTinyCore/hardware/avr\\1.5.2']
15:10:26 - _last_files:['C:\\Users\\Harold\\AppData\\Local\\Arduino15\\packages/ATTinyCore/hardware/avr\\1.5.2']
15:10:26 - _last_files: None
15:10:26 - _last_files: None
15:10:26 - Dir:C:\Users\Harold\AppData\Local\Arduino15\packages/ATTinyCore/hardware/avr/1.5.2/libraries/ATTinyCore/src/ATTinyCore.h
15:10:26 - Dir:C:\Users\Harold\AppData\Local\Arduino15\packages/ATTinyCore/hardware/avr/1.5.2/libraries/ATTinyCore/src/ATTinyCore.h
15:10:26 - _last_files:['C:\\Users\\Harold\\AppData\\Local\\Arduino15\\packages/ATTinyCore/hardware/avr/1.5.2/libraries/ATTinyCore/src/ATTinyCore.h']
15:10:26 - _last_files:['C:\\Users\\Harold\\AppData\\Local\\Arduino15\\packages/ATTinyCore/hardware/avr/1.5.2/libraries/ATTinyCore/src/ATTinyCore.h']
15:10:26 - Dir:C:\Program Files (x86)\Arduino\arduino_debug.exe
15:10:26 - Dir:C:\Program Files (x86)\Arduino\arduino_debug.exe
15:10:26 - _last_files:['C:\\Program Files (x86)\\Arduino\\arduino_debug.exe']
15:10:26 - _last_files:['C:\\Program Files (x86)\\Arduino\\arduino_debug.exe']
15:10:26 - Find ARDUINO exe - Individual Filename: C:\Program Files (x86)\Arduino\arduino_debug.exe
15:10:26 - Dir:C:\Users\Harold\AppData\Local\Arduino15\packages/arduino/hardware/avr/*.*
15:10:26 - Dir:C:\Users\Harold\AppData\Local\Arduino15\packages/arduino/hardware/avr/*.*
15:10:26 - _last_files:['C:\\Users\\Harold\\AppData\\Local\\Arduino15\\packages/arduino/hardware/avr\\1.8.6']
15:10:26 - _last_files:['C:\\Users\\Harold\\AppData\\Local\\Arduino15\\packages/arduino/hardware/avr\\1.8.6']
15:10:26 - Checkplatform: Current platform=Windows- Checked Platform=Windows
15:10:26 - Dir:C:\Users\Harold\AppData\Local\Arduino15\packages/esp32/hardware/esp32/*.*
15:10:26 - Dir:C:\Users\Harold\AppData\Local\Arduino15\packages/esp32/hardware/esp32/*.*
15:10:26 - _last_files:['C:\\Users\\Harold\\AppData\\Local\\Arduino15\\packages/esp32/hardware/esp32\\1.0.4']
15:10:26 - _last_files:['C:\\Users\\Harold\\AppData\\Local\\Arduino15\\packages/esp32/hardware/esp32\\1.0.4']
15:10:26 - _last_files: None
15:10:26 - _last_files: None
15:10:26 - Dir:C:\Users\Harold\AppData\Local\Arduino15\packages/esp32/hardware/esp32/1.0.4/libraries/ESP32/src/dummy.h
15:10:26 - Dir:C:\Users\Harold\AppData\Local\Arduino15\packages/esp32/hardware/esp32/1.0.4/libraries/ESP32/src/dummy.h
15:10:26 - _last_files:['C:\\Users\\Harold\\AppData\\Local\\Arduino15\\packages/esp32/hardware/esp32/1.0.4/libraries/ESP32/src/dummy.h']
15:10:26 - _last_files:['C:\\Users\\Harold\\AppData\\Local\\Arduino15\\packages/esp32/hardware/esp32/1.0.4/libraries/ESP32/src/dummy.h']
15:10:26 - Checkplatform: Current platform=Windows- Checked Platform=Windows
15:10:26 - Dir:C:\Users\Harold\AppData\Local\Arduino15\packages/esp32/tools/esptool_py/*.*
15:10:26 - Dir:C:\Users\Harold\AppData\Local\Arduino15\packages/esp32/tools/esptool_py/*.*
15:10:26 - _last_files:['C:\\Users\\Harold\\AppData\\Local\\Arduino15\\packages/esp32/tools/esptool_py\\2.6.1']
15:10:26 - _last_files:['C:\\Users\\Harold\\AppData\\Local\\Arduino15\\packages/esp32/tools/esptool_py\\2.6.1']
15:10:26 - _last_files: None
15:10:26 - _last_files: None
15:10:26 - Dir:C:\Users\Harold\AppData\Local\Arduino15\packages/esp32/tools/esptool_py/2.6.1/esptool.exe
15:10:26 - Dir:C:\Users\Harold\AppData\Local\Arduino15\packages/esp32/tools/esptool_py/2.6.1/esptool.exe
15:10:26 - _last_files:['C:\\Users\\Harold\\AppData\\Local\\Arduino15\\packages/esp32/tools/esptool_py/2.6.1/esptool.exe']
15:10:26 - _last_files:['C:\\Users\\Harold\\AppData\\Local\\Arduino15\\packages/esp32/tools/esptool_py/2.6.1/esptool.exe']
15:10:26 - Dir:C:\Users\Harold\Documents\Arduino/libraries/WiFiManager/library.properties
15:10:26 - Dir:C:\Users\Harold\Documents\Arduino/libraries/WiFiManager/library.properties
15:10:26 - _last_files:['C:\\Users\\Harold\\Documents\\Arduino/libraries/WiFiManager/library.properties']
15:10:26 - _last_files:['C:\\Users\\Harold\\Documents\\Arduino/libraries/WiFiManager/library.properties']
15:10:26 - Dir:C:\Users\Harold\Documents\Arduino/libraries/U8g2/library.properties
15:10:26 - Dir:C:\Users\Harold\Documents\Arduino/libraries/U8g2/library.properties
15:10:26 - _last_files:['C:\\Users\\Harold\\Documents\\Arduino/libraries/U8g2/library.properties']
15:10:26 - _last_files:['C:\\Users\\Harold\\Documents\\Arduino/libraries/U8g2/library.properties']
15:10:26 - Dir:C:\Users\Harold\Documents\Arduino/libraries/EspSoftwareSerial/library.properties
15:10:26 - Dir:C:\Users\Harold\Documents\Arduino/libraries/EspSoftwareSerial/library.properties
15:10:26 - _last_files:['C:\\Users\\Harold\\Documents\\Arduino/libraries/EspSoftwareSerial/library.properties']
15:10:26 - _last_files:['C:\\Users\\Harold\\Documents\\Arduino/libraries/EspSoftwareSerial/library.properties']
15:10:26 - Checkplatform: Current platform=Windows- Checked Platform=Windows
15:10:26 - Dir:C:\Users\Harold\AppData\Local\Arduino15\packages/rp2040/hardware/rp2040/*.*
15:10:26 - Dir:C:\Users\Harold\AppData\Local\Arduino15\packages/rp2040/hardware/rp2040/*.*
15:10:26 - _last_files: None
15:10:26 - _last_files: None
15:10:26 - Dir:C:\Users\Harold\Documents\Arduino/libraries/LocoNet2/library.properties
15:10:26 - Dir:C:\Users\Harold\Documents\Arduino/libraries/LocoNet2/library.properties
15:10:26 - _last_files:['C:\\Users\\Harold\\Documents\\Arduino/libraries/LocoNet2/library.properties']
15:10:26 - _last_files:['C:\\Users\\Harold\\Documents\\Arduino/libraries/LocoNet2/library.properties']
15:10:26 - Get_Sketchbook_Path called
15:10:26 - Get_Sketchbook_Path called
15:10:26 - Get_Sketchbook_Path=C:\Users\Harold\Documents\Arduino
15:10:26 - Get_SrcDirInLib=C:\Users\Harold\Documents\Arduino/libraries/MobaLedLib/extras/
15:10:26 - Evt_SheetSelectionChange:{'eventname': 'select', 'sheetname': 'Languages', 'cells': {'table': {}, 'header': {}, 'index': {}}, 'moved': {'rows': {}, 'columns': {}}, 'added': {'rows': {}, 'columns': {}}, 'deleted': {'rows': {}, 'columns': {}, 'header': {}, 'index': {}, 'column_widths': {}, 'row_heights': {}, 'displayed_rows': None, 'displayed_columns': None}, 'named_spans': {}, 'options': {}, 'selection_boxes': {}, 'selected': (), 'being_selected': (), 'data': [], 'key': '', 'value': None, 'loc': (), 'resized': {'rows': {}, 'columns': {}}}
15:10:26 - Evt_SheetSelectionChange:{'eventname': 'select', 'sheetname': 'Languages', 'cells': {'table': {}, 'header': {}, 'index': {}}, 'moved': {'rows': {}, 'columns': {}}, 'added': {'rows': {}, 'columns': {}}, 'deleted': {'rows': {}, 'columns': {}, 'header': {}, 'index': {}, 'column_widths': {}, 'row_heights': {}, 'displayed_rows': None, 'displayed_columns': None}, 'named_spans': {}, 'options': {}, 'selection_boxes': {Box_nt(from_r=1100, from_c=0, upto_r=1102, upto_c=9): 'rows'}, 'selected': CurrentlySelectedClass(row=1100, column=0, type_='row', tags=('selected', '1100_0_1102_9', 'iid_15', '1100_0', 'type_rows')), 'being_selected': (), 'data': [], 'key': '', 'value': None, 'loc': (), 'resized': {'rows': {}, 'columns': {}}}
15:10:26 - Synch_Evt_SheetChange:<tksheet.sheet.Sheet object .!notebook.!prog_generatorpage.!frame.!frame4.!notebook.!frame7.!sheet>
15:10:26 - Evt_SheetBeforeDoubleClick:'Alle|\nEinblenden'
15:10:26 - Evt_SheetSelectionChange:{'eventname': 'select', 'sheetname': 'Languages', 'cells': {'table': {}, 'header': {}, 'index': {}}, 'moved': {'rows': {}, 'columns': {}}, 'added': {'rows': {}, 'columns': {}}, 'deleted': {'rows': {}, 'columns': {}, 'header': {}, 'index': {}, 'column_widths': {}, 'row_heights': {}, 'displayed_rows': None, 'displayed_columns': None}, 'named_spans': {}, 'options': {}, 'selection_boxes': {}, 'selected': (), 'being_selected': (), 'data': [], 'key': '', 'value': None, 'loc': (), 'resized': {'rows': {}, 'columns': {}}}
15:10:26 - Evt_SheetSelectionChange:{'eventname': 'select', 'sheetname': 'Languages', 'cells': {'table': {}, 'header': {}, 'index': {}}, 'moved': {'rows': {}, 'columns': {}}, 'added': {'rows': {}, 'columns': {}}, 'deleted': {'rows': {}, 'columns': {}, 'header': {}, 'index': {}, 'column_widths': {}, 'row_heights': {}, 'displayed_rows': None, 'displayed_columns': None}, 'named_spans': {}, 'options': {}, 'selection_boxes': {Box_nt(from_r=1102, from_c=0, upto_r=1104, upto_c=9): 'rows'}, 'selected': CurrentlySelectedClass(row=1102, column=0, type_='row', tags=('selected', '1102_0_1104_9', 'iid_18', '1102_0', 'type_rows')), 'being_selected': (), 'data': [], 'key': '', 'value': None, 'loc': (), 'resized': {'rows': {}, 'columns': {}}}
15:10:26 - Synch_Evt_SheetChange:<tksheet.sheet.Sheet object .!notebook.!prog_generatorpage.!frame.!frame4.!notebook.!frame7.!sheet>
15:10:26 - Evt_SheetBeforeDoubleClick:'Neue|\nTabelle'
15:10:26 - Evt_SheetSelectionChange:{'eventname': 'select', 'sheetname': 'Languages', 'cells': {'table': {}, 'header': {}, 'index': {}}, 'moved': {'rows': {}, 'columns': {}}, 'added': {'rows': {}, 'columns': {}}, 'deleted': {'rows': {}, 'columns': {}, 'header': {}, 'index': {}, 'column_widths': {}, 'row_heights': {}, 'displayed_rows': None, 'displayed_columns': None}, 'named_spans': {}, 'options': {}, 'selection_boxes': {}, 'selected': (), 'being_selected': (), 'data': [], 'key': '', 'value': None, 'loc': (), 'resized': {'rows': {}, 'columns': {}}}
15:10:26 - Evt_SheetSelectionChange:{'eventname': 'select', 'sheetname': 'Languages', 'cells': {'table': {}, 'header': {}, 'index': {}}, 'moved': {'rows': {}, 'columns': {}}, 'added': {'rows': {}, 'columns': {}}, 'deleted': {'rows': {}, 'columns': {}, 'header': {}, 'index': {}, 'column_widths': {}, 'row_heights': {}, 'displayed_rows': None, 'displayed_columns': None}, 'named_spans': {}, 'options': {}, 'selection_boxes': {Box_nt(from_r=1104, from_c=0, upto_r=1106, upto_c=9): 'rows'}, 'selected': CurrentlySelectedClass(row=1104, column=0, type_='row', tags=('selected', '1104_0_1106_9', 'iid_21', '1104_0', 'type_rows')), 'being_selected': (), 'data': [], 'key': '', 'value': None, 'loc': (), 'resized': {'rows': {}, 'columns': {}}}
15:10:26 - Synch_Evt_SheetChange:<tksheet.sheet.Sheet object .!notebook.!prog_generatorpage.!frame.!frame4.!notebook.!frame7.!sheet>
15:10:26 - Evt_SheetBeforeDoubleClick:'Hilfe'
15:10:26 - Evt_SheetSelectionChange:{'eventname': 'select', 'sheetname': 'Languages', 'cells': {'table': {}, 'header': {}, 'index': {}}, 'moved': {'rows': {}, 'columns': {}}, 'added': {'rows': {}, 'columns': {}}, 'deleted': {'rows': {}, 'columns': {}, 'header': {}, 'index': {}, 'column_widths': {}, 'row_heights': {}, 'displayed_rows': None, 'displayed_columns': None}, 'named_spans': {}, 'options': {}, 'selection_boxes': {}, 'selected': (), 'being_selected': (), 'data': [], 'key': '', 'value': None, 'loc': (), 'resized': {'rows': {}, 'columns': {}}}
15:10:26 - Evt_SheetSelectionChange:{'eventname': 'select', 'sheetname': 'Languages', 'cells': {'table': {}, 'header': {}, 'index': {}}, 'moved': {'rows': {}, 'columns': {}}, 'added': {'rows': {}, 'columns': {}}, 'deleted': {'rows': {}, 'columns': {}, 'header': {}, 'index': {}, 'column_widths': {}, 'row_heights': {}, 'displayed_rows': None, 'displayed_columns': None}, 'named_spans': {}, 'options': {}, 'selection_boxes': {Box_nt(from_r=1106, from_c=0, upto_r=1108, upto_c=9): 'rows'}, 'selected': CurrentlySelectedClass(row=1106, column=0, type_='row', tags=('selected', '1106_0_1108_9', 'iid_24', '1106_0', 'type_rows')), 'being_selected': (), 'data': [], 'key': '', 'value': None, 'loc': (), 'resized': {'rows': {}, 'columns': {}}}
15:10:26 - Synch_Evt_SheetChange:<tksheet.sheet.Sheet object .!notebook.!prog_generatorpage.!frame.!frame4.!notebook.!frame7.!sheet>
15:10:26 - Evt_SheetBeforeDoubleClick:'*Grafik'
15:10:26 - Colorcorrection:1.0
15:10:27 - SoundCheckPage - Multipleparams
15:10:27 - ConfigurationPage - Multipleparams
15:10:27 - ConfigurationPage - Multipleparams
15:10:27 - ConfigurationPage - Multipleparams
15:10:27 - Set_activeworkbook:	ProgGenerator
15:10:27 - Set_activeworkbook:	ProgGenerator
15:10:27 - Tabselected: Programm
Generator
15:10:27 - Set_activeworkbook:	ProgGenerator
15:10:27 - Set_activeworkbook:	ProgGenerator
15:10:27 - TabChanged  - .!notebook.!prog_generatorpage
15:10:27 - TK-Version:8.6.12
15:10:27 - Portname: COM4
15:10:27 - Checkplatform: Current platform=Windows- Checked Platform=Darwin
15:10:27 - connect COM4
15:10:27 - set_connectstatusmessage: Versuch sich mit dem ARDUINO am Port COM4 zu verbinden ...
15:10:27 - could not open port 'COM4': FileNotFoundError(2, 'Das System kann die angegebene Datei nicht finden.', None, 2)
Traceback (most recent call last):
  File "D:\data\doc\GitHub\pyMobaLedLib\python\pyMobaLedLib.py", line 1157, in connect
    self.arduino = serial.Serial(port,baudrate=baudrate,timeout=2,parity=serial.PARITY_NONE,stopbits=serial.STOPBITS_ONE,bytesize=serial.EIGHTBITS)
                   ^^^^^^^^^^^^^^^^^^^^^^^^^^^^^^^^^^^^^^^^^^^^^^^^^^^^^^^^^^^^^^^^^^^^^^^^^^^^^^^^^^^^^^^^^^^^^^^^^^^^^^^^^^^^^^^^^^^^^^^^^^^^^^^^
  File "D:\data\doc\GitHub\pyMobaLedLib\python\serial\serialwin32.py", line 31, in __init__
    super(Serial, self).__init__(*args, **kwargs)
  File "D:\data\doc\GitHub\pyMobaLedLib\python\serial\serialutil.py", line 240, in __init__
    self.open()
  File "D:\data\doc\GitHub\pyMobaLedLib\python\serial\serialwin32.py", line 62, in open
    raise SerialException("could not open port {!r}: {!r}".format(self.portstr, ctypes.WinError()))
serial.serialutil.SerialException: could not open port 'COM4': FileNotFoundError(2, 'Das System kann die angegebene Datei nicht finden.', None, 2)
15:10:32 - set_connectstatusmessage: Nicht Verbunden
15:10:34 - Cancel
15:10:35 - Cancel_without_save
15:10:35 - set_connectstatusmessage: Closing program...
15:10:35 - Cancel_without_save2
15:10:35 - Close_notification
15:10:35 - Stop_process_Z21
15:10:35 - Stop_process_Z21 - disconnect_all_serial_interfaces
15:10:35 - disconnect start
15:10:35 - set_connectstatusmessage: Nicht Verbunden
15:10:35 - disconnect Z21 serial port: NO DEVICE
15:10:35 - Pyprog-Stop_process_serial
15:10:35 - disconnect start
15:10:35 - set_connectstatusmessage: Nicht Verbunden
15:10:35 - disconnect Z21 serial port: NO DEVICE
15:10:35 - Pyprog-Stop_process_serial
15:10:35 - disconnect start
15:10:35 - set_connectstatusmessage: Nicht Verbunden
15:10:35 - disconnect Z21 serial port: NO DEVICE
15:10:35 - Pyprog-Stop_process_serial
15:10:35 - Stop_process_Z21 - reset_z21_data
15:10:35 - reset_z21_data-end
15:10:36 - Stop_process_Z21 - socket.close
15:10:36 - stop_process_serial
15:10:36 - SaveConfigData
15:10:36 - ConfigFile-Save:D:\data\doc\GitHub\MobaLedTest_config.json
15:10:36 - SaveConfig: ARDUINO
Einstellungen - {'serportnumber': 0, 'serportname': 'COM4', 'baudrate': 115200, 'maxLEDcount': '20', 'lastLedCount': 1, 'lastLedChannel': 0, 'lastLed': 0, 'pos_x': 0, 'pos_y': 0, 'win_height': 1377, 'win_width': 2560, 'colorview': 1, 'startpage': 3, 'startpagename': 'StartPage', 'led_correction_r': 255, 'led_correction_g': 175, 'led_correction_b': 239, 'use_led_correction': True, 'old_color': '#FF455B', 'palette': {'ROOM_COL0': '#0F0D03', 'ROOM_COL1': '#162C1B', 'ROOM_COL2': '#9B4905', 'ROOM_COL3': '#271201', 'ROOM_COL4': '#1E0000', 'ROOM_COL5': '#4F2707', 'GAS_LIGHT D': '#323232', 'GAS LIGHT': '#FFFFFF', 'NEON_LIGHT D': '#14141B', 'NEON_LIGHT M': '#464650', 'NEON_LIGHT': '#F5F5FF', 'ROOM_TV0 A': '#323214', 'ROOM_TV0 B': '#46461E', 'ROOM_TV1 A': '#323208', 'ROOM_TV1 B': '#323208', 'SINGLE_LED': '#FFFFFF', 'SINGLE_LED D': '#323232'}, 'effectpalette': {'House': {'ROOM_DARK': '#323232', 'ROOM_BRIGHT': '#FFFFFF', 'ROOM_WARM_W': '#934D08', 'ROOM_RED': '#FF0000', 'ROOM_D_RED': '#320009', 'ROOM_COL0': '#0F0D03', 'ROOM_COL1': '#162C1B', 'ROOM_COL2': '#9B4905', 'ROOM_COL3': '#271201', 'ROOM_COL4': '#1E0000', 'ROOM_COL5': '#4F2707', 'ROOM_COL345': '#271201', 'FIRE': '#000000', 'FIRED': '#000000', 'FIREB': '#000000', 'ROOM_CHIMNEY': '#000000', 'ROOM_CHIMNEYD': '#000000', 'ROOM_CHIMNEYB': '#000000', 'ROOM_TV0': '#323214', 'ROOM_TV0_CHIMNEY': '#323214', 'ROOM_TV0_CHIMNEYD': '#323214', 'ROOM_TV0_CHIMNEYB': '#323214', 'ROOM_TV1': '#323208', 'ROOM_TV1_CHIMNEY': '#323208', 'ROOM_TV1_CHIMNEYD': '#323208', 'ROOM_TV1_CHIMNEYB': '#323208', 'NEON_LIGHT': '#F5F5FF', 'NEON_LIGHT_SGL': '#F5F5FF', 'NEON_LIGHT1': '#F5F5FF', 'NEON_LIGHT2': '#F5F5FF', 'NEON_LIGHT3': '#F5F5FF', 'NEON_LIGHTD': '#14141B', 'NEON_LIGHTD_SGL': '#14141B', 'NEON_LIGHT1D': '#14141B', 'NEON_LIGHT2D': '#14141B', 'NEON_LIGHT3D': '#14141B', 'NEON_LIGHTM': '#464650', 'NEON_LIGHTM_SGL': '#464650', 'NEON_LIGHT1M': '#464650', 'NEON_LIGHT2M': '#464650', 'NEON_LIGHT3M': '#464650', 'NEON_LIGHTL': '#464650', 'NEON_LIGHTL_SGL': '#464650', 'NEON_LIGHT1L': '#464650', 'NEON_LIGHT2L': '#464650', 'NEON_LIGHT3L': '#464650', 'NEON_DEF_D': '#14141B', 'NEON_DEF_D_SGL': '#14141B', 'NEON_DEF1D': '#14141B', 'NEON_DEF2D': '#14141B', 'NEON_DEF3D': '#14141B', 'LED_SGL': '#FFFFFF', 'SINGLE_LED1': '#FFFFFF', 'SINGLE_LED2': '#FFFFFF', 'SINGLE_LED3': '#FFFFFF', 'LED_D_SGL': '#323232', 'SINGLE_LED1D': '#323232', 'SINGLE_LED2D': '#323232', 'SINGLE_LED3D': '#323232', 'GAS_LIGHT': '#FFFFFF', 'GAS_LIGHT_SGL': '#FFFFFF', 'GAS_LIGHT1': '#FFFFFF', 'GAS_LIGHT2': '#FFFFFF', 'GAS_LIGHT3': '#FFFFFF', 'GAS_LIGHTD': '#323232', 'GAS_LIGHTD_SGL': '#323232', 'GAS_LIGHT1D': '#323232', 'GAS_LIGHT2D': '#323232', 'GAS_LIGHT3D': '#323232', 'SKIP_ROOM': '#000000'}, 'Const': {}, 'GasLights': {'NEON_LIGHT': 'NEON_LIGHT', 'NEON_LIGHT_SGL': 'NEON_LIGHT', 'NEON_LIGHT1': 'NEON_LIGHT', 'NEON_LIGHT2': 'NEON_LIGHT', 'NEON_LIGHT3': 'NEON_LIGHT', 'NEON_LIGHTD': 'NEON_LIGHT D', 'NEON_LIGHTD_SGL': 'NEON_LIGHT D', 'NEON_LIGHT1D': 'NEON_LIGHT D', 'NEON_LIGHT2D': 'NEON_LIGHT D', 'NEON_LIGHT3D': 'NEON_LIGHT D', 'NEON_LIGHTM': 'NEON_LIGHT M', 'NEON_LIGHTM_SGL': 'NEON_LIGHT M', 'NEON_LIGHT1M': 'NEON_LIGHT M', 'NEON_LIGHT2M': 'NEON_LIGHT M', 'NEON_LIGHT3M': 'NEON_LIGHT M', 'NEON_LIGHTL': '#464650', 'NEON_LIGHTL_SGL': '#464650', 'NEON_LIGHT1L': '#464650', 'NEON_LIGHT2L': '#464650', 'NEON_LIGHT3L': '#464650', 'NEON_DEF_D': 'NEON_LIGHT D', 'NEON_DEF_D_SGL': 'NEON_LIGHT D', 'NEON_DEF1D': 'NEON_LIGHT D', 'NEON_DEF2D': 'NEON_LIGHT D', 'NEON_DEF3D': 'NEON_LIGHT D', 'GAS_LIGHT': 'GAS LIGHT', 'GAS_LIGHT_SGL': 'GAS LIGHT', 'GAS_LIGHT1': 'GAS LIGHT', 'GAS_LIGHT2': 'GAS LIGHT', 'GAS_LIGHT3': 'GAS LIGHT', 'GAS_LIGHTD': 'GAS_LIGHT D', 'GAS_LIGHTD_SGL': 'GAS_LIGHT D', 'GAS_LIGHT1D': 'GAS_LIGHT D', 'GAS_LIGHT2D': 'GAS_LIGHT D', 'GAS_LIGHT3D': 'GAS_LIGHT D'}}, 'old_effect': 'ROOM_DARK', 'group_name': 'Group001', 'autoconnect': False, 'lastSound': 0, 'lastSoundImpuls': 200, 'startcmdcb': False, 'startcmd_filename': '', 'resourcePathcb': False, 'resourcePath_filename': '', 'ArduinoTypeName': 'Nano/Uno (neu)', 'ArduinoTypeNumber': 1, 'Z21Data': {'0': {'serportname': 'NO DEVICE', 'dcc_start': 1, 'dcc_end': 9999}, '1': {'serportname': 'NO DEVICE', 'dcc_start': 1, 'dcc_end': 9999}, '2': {'serportname': 'NO DEVICE', 'dcc_start': 1, 'dcc_end': 9999}}, 'lastservo_channel': 1, 'DCC BaseAddress': 100, 'ServoAddress': 0, 'ServoLEDChannel': 0, 'ServoChannel': 0, 'SoundAddress': 0, 'SoundLEDChannel': 0, 'SoundImpulsLength': 200, 'Sound_RED': 8, 'Sound_GREEN': 3, 'Sound_BLUE': 6, 'baudratenumber': 0, 'ARDUINOMessage': 0, 'Autoconnect': 0, 'ARDUINOShowAll': True, 'ARDUINOTakeOver': True, 'ARDUINOTest': False, 'UseZ21Data': False, 'ARDUINOBlink': False, 'MLLDigSysName': 'None', 'MLLDigSysNumber': 0, 'Baudrate': 115200, 'FontTitle': 12, 'FontLabel': 8, 'FontSpinbox': 8, 'FontScale': 8, 'FontName': 'Arial', 'FontNormal': 11, 'FontLarge': 14, 'FontSmall': 8, 'RMbusTimer': 100, 'ShowProgramGenerator': True, 'ShowPatternGenerator': False, 'ShowZ21Simulator': True, 'ShowHiddentables': False, 'PGIconSize': 10, 'AutoLoadWorkbooks': True, 'UseCOM_Port_UserForm': False, 'languagename': 'Auto', 'language': 0, 'logging_level': 'DEBUG', 'logfilename': 'D:\\data\\doc\\GitHub\\pyMobaLedLib\\python\\../logfile.log', 'loaddatafile': True, 'useESP32WINBAT': True, 'vb2py': True, 'LEDchannel': '', 'lastactive_tabname': 'ProgGeneratorPage'}
15:10:36 - Save_Config: win_height=1377 win_width=2560
15:10:36 - SaveConfigData
15:10:36 - ConfigFile-Save:D:\data\doc\GitHub\MobaLedTest_config.json
15:10:36 - SaveConfig: Programm
Einstellungen - {'serportnumber': 0, 'serportname': 'COM4', 'baudrate': 115200, 'maxLEDcount': '20', 'lastLedCount': 1, 'lastLedChannel': 0, 'lastLed': 0, 'pos_x': 0, 'pos_y': 0, 'win_height': 1377, 'win_width': 2560, 'colorview': 1, 'startpage': 3, 'startpagename': 'StartPage', 'led_correction_r': 255, 'led_correction_g': 175, 'led_correction_b': 239, 'use_led_correction': True, 'old_color': '#FF455B', 'palette': {'ROOM_COL0': '#0F0D03', 'ROOM_COL1': '#162C1B', 'ROOM_COL2': '#9B4905', 'ROOM_COL3': '#271201', 'ROOM_COL4': '#1E0000', 'ROOM_COL5': '#4F2707', 'GAS_LIGHT D': '#323232', 'GAS LIGHT': '#FFFFFF', 'NEON_LIGHT D': '#14141B', 'NEON_LIGHT M': '#464650', 'NEON_LIGHT': '#F5F5FF', 'ROOM_TV0 A': '#323214', 'ROOM_TV0 B': '#46461E', 'ROOM_TV1 A': '#323208', 'ROOM_TV1 B': '#323208', 'SINGLE_LED': '#FFFFFF', 'SINGLE_LED D': '#323232'}, 'effectpalette': {'House': {'ROOM_DARK': '#323232', 'ROOM_BRIGHT': '#FFFFFF', 'ROOM_WARM_W': '#934D08', 'ROOM_RED': '#FF0000', 'ROOM_D_RED': '#320009', 'ROOM_COL0': '#0F0D03', 'ROOM_COL1': '#162C1B', 'ROOM_COL2': '#9B4905', 'ROOM_COL3': '#271201', 'ROOM_COL4': '#1E0000', 'ROOM_COL5': '#4F2707', 'ROOM_COL345': '#271201', 'FIRE': '#000000', 'FIRED': '#000000', 'FIREB': '#000000', 'ROOM_CHIMNEY': '#000000', 'ROOM_CHIMNEYD': '#000000', 'ROOM_CHIMNEYB': '#000000', 'ROOM_TV0': '#323214', 'ROOM_TV0_CHIMNEY': '#323214', 'ROOM_TV0_CHIMNEYD': '#323214', 'ROOM_TV0_CHIMNEYB': '#323214', 'ROOM_TV1': '#323208', 'ROOM_TV1_CHIMNEY': '#323208', 'ROOM_TV1_CHIMNEYD': '#323208', 'ROOM_TV1_CHIMNEYB': '#323208', 'NEON_LIGHT': '#F5F5FF', 'NEON_LIGHT_SGL': '#F5F5FF', 'NEON_LIGHT1': '#F5F5FF', 'NEON_LIGHT2': '#F5F5FF', 'NEON_LIGHT3': '#F5F5FF', 'NEON_LIGHTD': '#14141B', 'NEON_LIGHTD_SGL': '#14141B', 'NEON_LIGHT1D': '#14141B', 'NEON_LIGHT2D': '#14141B', 'NEON_LIGHT3D': '#14141B', 'NEON_LIGHTM': '#464650', 'NEON_LIGHTM_SGL': '#464650', 'NEON_LIGHT1M': '#464650', 'NEON_LIGHT2M': '#464650', 'NEON_LIGHT3M': '#464650', 'NEON_LIGHTL': '#464650', 'NEON_LIGHTL_SGL': '#464650', 'NEON_LIGHT1L': '#464650', 'NEON_LIGHT2L': '#464650', 'NEON_LIGHT3L': '#464650', 'NEON_DEF_D': '#14141B', 'NEON_DEF_D_SGL': '#14141B', 'NEON_DEF1D': '#14141B', 'NEON_DEF2D': '#14141B', 'NEON_DEF3D': '#14141B', 'LED_SGL': '#FFFFFF', 'SINGLE_LED1': '#FFFFFF', 'SINGLE_LED2': '#FFFFFF', 'SINGLE_LED3': '#FFFFFF', 'LED_D_SGL': '#323232', 'SINGLE_LED1D': '#323232', 'SINGLE_LED2D': '#323232', 'SINGLE_LED3D': '#323232', 'GAS_LIGHT': '#FFFFFF', 'GAS_LIGHT_SGL': '#FFFFFF', 'GAS_LIGHT1': '#FFFFFF', 'GAS_LIGHT2': '#FFFFFF', 'GAS_LIGHT3': '#FFFFFF', 'GAS_LIGHTD': '#323232', 'GAS_LIGHTD_SGL': '#323232', 'GAS_LIGHT1D': '#323232', 'GAS_LIGHT2D': '#323232', 'GAS_LIGHT3D': '#323232', 'SKIP_ROOM': '#000000'}, 'Const': {}, 'GasLights': {'NEON_LIGHT': 'NEON_LIGHT', 'NEON_LIGHT_SGL': 'NEON_LIGHT', 'NEON_LIGHT1': 'NEON_LIGHT', 'NEON_LIGHT2': 'NEON_LIGHT', 'NEON_LIGHT3': 'NEON_LIGHT', 'NEON_LIGHTD': 'NEON_LIGHT D', 'NEON_LIGHTD_SGL': 'NEON_LIGHT D', 'NEON_LIGHT1D': 'NEON_LIGHT D', 'NEON_LIGHT2D': 'NEON_LIGHT D', 'NEON_LIGHT3D': 'NEON_LIGHT D', 'NEON_LIGHTM': 'NEON_LIGHT M', 'NEON_LIGHTM_SGL': 'NEON_LIGHT M', 'NEON_LIGHT1M': 'NEON_LIGHT M', 'NEON_LIGHT2M': 'NEON_LIGHT M', 'NEON_LIGHT3M': 'NEON_LIGHT M', 'NEON_LIGHTL': '#464650', 'NEON_LIGHTL_SGL': '#464650', 'NEON_LIGHT1L': '#464650', 'NEON_LIGHT2L': '#464650', 'NEON_LIGHT3L': '#464650', 'NEON_DEF_D': 'NEON_LIGHT D', 'NEON_DEF_D_SGL': 'NEON_LIGHT D', 'NEON_DEF1D': 'NEON_LIGHT D', 'NEON_DEF2D': 'NEON_LIGHT D', 'NEON_DEF3D': 'NEON_LIGHT D', 'GAS_LIGHT': 'GAS LIGHT', 'GAS_LIGHT_SGL': 'GAS LIGHT', 'GAS_LIGHT1': 'GAS LIGHT', 'GAS_LIGHT2': 'GAS LIGHT', 'GAS_LIGHT3': 'GAS LIGHT', 'GAS_LIGHTD': 'GAS_LIGHT D', 'GAS_LIGHTD_SGL': 'GAS_LIGHT D', 'GAS_LIGHT1D': 'GAS_LIGHT D', 'GAS_LIGHT2D': 'GAS_LIGHT D', 'GAS_LIGHT3D': 'GAS_LIGHT D'}}, 'old_effect': 'ROOM_DARK', 'group_name': 'Group001', 'autoconnect': False, 'lastSound': 0, 'lastSoundImpuls': 200, 'startcmdcb': False, 'startcmd_filename': '', 'resourcePathcb': False, 'resourcePath_filename': '', 'ArduinoTypeName': 'Nano/Uno (neu)', 'ArduinoTypeNumber': 1, 'Z21Data': {'0': {'serportname': 'NO DEVICE', 'dcc_start': 1, 'dcc_end': 9999}, '1': {'serportname': 'NO DEVICE', 'dcc_start': 1, 'dcc_end': 9999}, '2': {'serportname': 'NO DEVICE', 'dcc_start': 1, 'dcc_end': 9999}}, 'lastservo_channel': 1, 'DCC BaseAddress': 100, 'ServoAddress': 0, 'ServoLEDChannel': 0, 'ServoChannel': 0, 'SoundAddress': 0, 'SoundLEDChannel': 0, 'SoundImpulsLength': 200, 'Sound_RED': 8, 'Sound_GREEN': 3, 'Sound_BLUE': 6, 'baudratenumber': 0, 'ARDUINOMessage': 0, 'Autoconnect': 0, 'ARDUINOShowAll': True, 'ARDUINOTakeOver': True, 'ARDUINOTest': False, 'UseZ21Data': False, 'ARDUINOBlink': False, 'MLLDigSysName': 'None', 'MLLDigSysNumber': 0, 'Baudrate': 115200, 'FontTitle': 12, 'FontLabel': 8, 'FontSpinbox': 8, 'FontScale': 8, 'FontName': 'Arial', 'FontNormal': 11, 'FontLarge': 14, 'FontSmall': 8, 'RMbusTimer': 100, 'ShowProgramGenerator': True, 'ShowPatternGenerator': False, 'ShowZ21Simulator': True, 'ShowHiddentables': False, 'PGIconSize': 10, 'AutoLoadWorkbooks': True, 'UseCOM_Port_UserForm': False, 'languagename': 'Auto', 'language': 0, 'logging_level': 'DEBUG', 'logfilename': 'D:\\data\\doc\\GitHub\\pyMobaLedLib\\python\\../logfile.log', 'loaddatafile': True, 'useESP32WINBAT': True, 'vb2py': True, 'LEDchannel': '', 'lastactive_tabname': 'ProgGeneratorPage'}
15:10:36 - SaveConfigData
15:10:36 - ConfigFile-Save:D:\data\doc\GitHub\MobaLedTest_config.json
15:10:36 - SaveConfig: VB2PY
  - {'serportnumber': 0, 'serportname': 'COM4', 'baudrate': 115200, 'maxLEDcount': '20', 'lastLedCount': 1, 'lastLedChannel': 0, 'lastLed': 0, 'pos_x': 0, 'pos_y': 0, 'win_height': 1377, 'win_width': 2560, 'colorview': 1, 'startpage': 3, 'startpagename': 'StartPage', 'led_correction_r': 255, 'led_correction_g': 175, 'led_correction_b': 239, 'use_led_correction': True, 'old_color': '#FF455B', 'palette': {'ROOM_COL0': '#0F0D03', 'ROOM_COL1': '#162C1B', 'ROOM_COL2': '#9B4905', 'ROOM_COL3': '#271201', 'ROOM_COL4': '#1E0000', 'ROOM_COL5': '#4F2707', 'GAS_LIGHT D': '#323232', 'GAS LIGHT': '#FFFFFF', 'NEON_LIGHT D': '#14141B', 'NEON_LIGHT M': '#464650', 'NEON_LIGHT': '#F5F5FF', 'ROOM_TV0 A': '#323214', 'ROOM_TV0 B': '#46461E', 'ROOM_TV1 A': '#323208', 'ROOM_TV1 B': '#323208', 'SINGLE_LED': '#FFFFFF', 'SINGLE_LED D': '#323232'}, 'effectpalette': {'House': {'ROOM_DARK': '#323232', 'ROOM_BRIGHT': '#FFFFFF', 'ROOM_WARM_W': '#934D08', 'ROOM_RED': '#FF0000', 'ROOM_D_RED': '#320009', 'ROOM_COL0': '#0F0D03', 'ROOM_COL1': '#162C1B', 'ROOM_COL2': '#9B4905', 'ROOM_COL3': '#271201', 'ROOM_COL4': '#1E0000', 'ROOM_COL5': '#4F2707', 'ROOM_COL345': '#271201', 'FIRE': '#000000', 'FIRED': '#000000', 'FIREB': '#000000', 'ROOM_CHIMNEY': '#000000', 'ROOM_CHIMNEYD': '#000000', 'ROOM_CHIMNEYB': '#000000', 'ROOM_TV0': '#323214', 'ROOM_TV0_CHIMNEY': '#323214', 'ROOM_TV0_CHIMNEYD': '#323214', 'ROOM_TV0_CHIMNEYB': '#323214', 'ROOM_TV1': '#323208', 'ROOM_TV1_CHIMNEY': '#323208', 'ROOM_TV1_CHIMNEYD': '#323208', 'ROOM_TV1_CHIMNEYB': '#323208', 'NEON_LIGHT': '#F5F5FF', 'NEON_LIGHT_SGL': '#F5F5FF', 'NEON_LIGHT1': '#F5F5FF', 'NEON_LIGHT2': '#F5F5FF', 'NEON_LIGHT3': '#F5F5FF', 'NEON_LIGHTD': '#14141B', 'NEON_LIGHTD_SGL': '#14141B', 'NEON_LIGHT1D': '#14141B', 'NEON_LIGHT2D': '#14141B', 'NEON_LIGHT3D': '#14141B', 'NEON_LIGHTM': '#464650', 'NEON_LIGHTM_SGL': '#464650', 'NEON_LIGHT1M': '#464650', 'NEON_LIGHT2M': '#464650', 'NEON_LIGHT3M': '#464650', 'NEON_LIGHTL': '#464650', 'NEON_LIGHTL_SGL': '#464650', 'NEON_LIGHT1L': '#464650', 'NEON_LIGHT2L': '#464650', 'NEON_LIGHT3L': '#464650', 'NEON_DEF_D': '#14141B', 'NEON_DEF_D_SGL': '#14141B', 'NEON_DEF1D': '#14141B', 'NEON_DEF2D': '#14141B', 'NEON_DEF3D': '#14141B', 'LED_SGL': '#FFFFFF', 'SINGLE_LED1': '#FFFFFF', 'SINGLE_LED2': '#FFFFFF', 'SINGLE_LED3': '#FFFFFF', 'LED_D_SGL': '#323232', 'SINGLE_LED1D': '#323232', 'SINGLE_LED2D': '#323232', 'SINGLE_LED3D': '#323232', 'GAS_LIGHT': '#FFFFFF', 'GAS_LIGHT_SGL': '#FFFFFF', 'GAS_LIGHT1': '#FFFFFF', 'GAS_LIGHT2': '#FFFFFF', 'GAS_LIGHT3': '#FFFFFF', 'GAS_LIGHTD': '#323232', 'GAS_LIGHTD_SGL': '#323232', 'GAS_LIGHT1D': '#323232', 'GAS_LIGHT2D': '#323232', 'GAS_LIGHT3D': '#323232', 'SKIP_ROOM': '#000000'}, 'Const': {}, 'GasLights': {'NEON_LIGHT': 'NEON_LIGHT', 'NEON_LIGHT_SGL': 'NEON_LIGHT', 'NEON_LIGHT1': 'NEON_LIGHT', 'NEON_LIGHT2': 'NEON_LIGHT', 'NEON_LIGHT3': 'NEON_LIGHT', 'NEON_LIGHTD': 'NEON_LIGHT D', 'NEON_LIGHTD_SGL': 'NEON_LIGHT D', 'NEON_LIGHT1D': 'NEON_LIGHT D', 'NEON_LIGHT2D': 'NEON_LIGHT D', 'NEON_LIGHT3D': 'NEON_LIGHT D', 'NEON_LIGHTM': 'NEON_LIGHT M', 'NEON_LIGHTM_SGL': 'NEON_LIGHT M', 'NEON_LIGHT1M': 'NEON_LIGHT M', 'NEON_LIGHT2M': 'NEON_LIGHT M', 'NEON_LIGHT3M': 'NEON_LIGHT M', 'NEON_LIGHTL': '#464650', 'NEON_LIGHTL_SGL': '#464650', 'NEON_LIGHT1L': '#464650', 'NEON_LIGHT2L': '#464650', 'NEON_LIGHT3L': '#464650', 'NEON_DEF_D': 'NEON_LIGHT D', 'NEON_DEF_D_SGL': 'NEON_LIGHT D', 'NEON_DEF1D': 'NEON_LIGHT D', 'NEON_DEF2D': 'NEON_LIGHT D', 'NEON_DEF3D': 'NEON_LIGHT D', 'GAS_LIGHT': 'GAS LIGHT', 'GAS_LIGHT_SGL': 'GAS LIGHT', 'GAS_LIGHT1': 'GAS LIGHT', 'GAS_LIGHT2': 'GAS LIGHT', 'GAS_LIGHT3': 'GAS LIGHT', 'GAS_LIGHTD': 'GAS_LIGHT D', 'GAS_LIGHTD_SGL': 'GAS_LIGHT D', 'GAS_LIGHT1D': 'GAS_LIGHT D', 'GAS_LIGHT2D': 'GAS_LIGHT D', 'GAS_LIGHT3D': 'GAS_LIGHT D'}}, 'old_effect': 'ROOM_DARK', 'group_name': 'Group001', 'autoconnect': False, 'lastSound': 0, 'lastSoundImpuls': 200, 'startcmdcb': False, 'startcmd_filename': '', 'resourcePathcb': False, 'resourcePath_filename': '', 'ArduinoTypeName': 'Nano/Uno (neu)', 'ArduinoTypeNumber': 1, 'Z21Data': {'0': {'serportname': 'NO DEVICE', 'dcc_start': 1, 'dcc_end': 9999}, '1': {'serportname': 'NO DEVICE', 'dcc_start': 1, 'dcc_end': 9999}, '2': {'serportname': 'NO DEVICE', 'dcc_start': 1, 'dcc_end': 9999}}, 'lastservo_channel': 1, 'DCC BaseAddress': 100, 'ServoAddress': 0, 'ServoLEDChannel': 0, 'ServoChannel': 0, 'SoundAddress': 0, 'SoundLEDChannel': 0, 'SoundImpulsLength': 200, 'Sound_RED': 8, 'Sound_GREEN': 3, 'Sound_BLUE': 6, 'baudratenumber': 0, 'ARDUINOMessage': 0, 'Autoconnect': 0, 'ARDUINOShowAll': True, 'ARDUINOTakeOver': True, 'ARDUINOTest': False, 'UseZ21Data': False, 'ARDUINOBlink': False, 'MLLDigSysName': 'None', 'MLLDigSysNumber': 0, 'Baudrate': 115200, 'FontTitle': 12, 'FontLabel': 8, 'FontSpinbox': 8, 'FontScale': 8, 'FontName': 'Arial', 'FontNormal': 11, 'FontLarge': 14, 'FontSmall': 8, 'RMbusTimer': 100, 'ShowProgramGenerator': True, 'ShowPatternGenerator': False, 'ShowZ21Simulator': True, 'ShowHiddentables': False, 'PGIconSize': 10, 'AutoLoadWorkbooks': True, 'UseCOM_Port_UserForm': False, 'languagename': 'Auto', 'language': 0, 'logging_level': 'DEBUG', 'logfilename': 'D:\\data\\doc\\GitHub\\pyMobaLedLib\\python\\../logfile.log', 'loaddatafile': True, 'useESP32WINBAT': True, 'vb2py': True, 'LEDchannel': '', 'lastactive_tabname': 'ProgGeneratorPage'}
15:10:36 - SaveConfigData
15:10:36 - ConfigFile-Save:D:\data\doc\GitHub\MobaLedTest_config.json
15:10:36 - SaveConfig: Test
  - {'serportnumber': 0, 'serportname': 'COM4', 'baudrate': 115200, 'maxLEDcount': '20', 'lastLedCount': 1, 'lastLedChannel': 0, 'lastLed': 0, 'pos_x': 0, 'pos_y': 0, 'win_height': 1377, 'win_width': 2560, 'colorview': 1, 'startpage': 3, 'startpagename': 'StartPage', 'led_correction_r': 255, 'led_correction_g': 175, 'led_correction_b': 239, 'use_led_correction': True, 'old_color': '#FF455B', 'palette': {'ROOM_COL0': '#0F0D03', 'ROOM_COL1': '#162C1B', 'ROOM_COL2': '#9B4905', 'ROOM_COL3': '#271201', 'ROOM_COL4': '#1E0000', 'ROOM_COL5': '#4F2707', 'GAS_LIGHT D': '#323232', 'GAS LIGHT': '#FFFFFF', 'NEON_LIGHT D': '#14141B', 'NEON_LIGHT M': '#464650', 'NEON_LIGHT': '#F5F5FF', 'ROOM_TV0 A': '#323214', 'ROOM_TV0 B': '#46461E', 'ROOM_TV1 A': '#323208', 'ROOM_TV1 B': '#323208', 'SINGLE_LED': '#FFFFFF', 'SINGLE_LED D': '#323232'}, 'effectpalette': {'House': {'ROOM_DARK': '#323232', 'ROOM_BRIGHT': '#FFFFFF', 'ROOM_WARM_W': '#934D08', 'ROOM_RED': '#FF0000', 'ROOM_D_RED': '#320009', 'ROOM_COL0': '#0F0D03', 'ROOM_COL1': '#162C1B', 'ROOM_COL2': '#9B4905', 'ROOM_COL3': '#271201', 'ROOM_COL4': '#1E0000', 'ROOM_COL5': '#4F2707', 'ROOM_COL345': '#271201', 'FIRE': '#000000', 'FIRED': '#000000', 'FIREB': '#000000', 'ROOM_CHIMNEY': '#000000', 'ROOM_CHIMNEYD': '#000000', 'ROOM_CHIMNEYB': '#000000', 'ROOM_TV0': '#323214', 'ROOM_TV0_CHIMNEY': '#323214', 'ROOM_TV0_CHIMNEYD': '#323214', 'ROOM_TV0_CHIMNEYB': '#323214', 'ROOM_TV1': '#323208', 'ROOM_TV1_CHIMNEY': '#323208', 'ROOM_TV1_CHIMNEYD': '#323208', 'ROOM_TV1_CHIMNEYB': '#323208', 'NEON_LIGHT': '#F5F5FF', 'NEON_LIGHT_SGL': '#F5F5FF', 'NEON_LIGHT1': '#F5F5FF', 'NEON_LIGHT2': '#F5F5FF', 'NEON_LIGHT3': '#F5F5FF', 'NEON_LIGHTD': '#14141B', 'NEON_LIGHTD_SGL': '#14141B', 'NEON_LIGHT1D': '#14141B', 'NEON_LIGHT2D': '#14141B', 'NEON_LIGHT3D': '#14141B', 'NEON_LIGHTM': '#464650', 'NEON_LIGHTM_SGL': '#464650', 'NEON_LIGHT1M': '#464650', 'NEON_LIGHT2M': '#464650', 'NEON_LIGHT3M': '#464650', 'NEON_LIGHTL': '#464650', 'NEON_LIGHTL_SGL': '#464650', 'NEON_LIGHT1L': '#464650', 'NEON_LIGHT2L': '#464650', 'NEON_LIGHT3L': '#464650', 'NEON_DEF_D': '#14141B', 'NEON_DEF_D_SGL': '#14141B', 'NEON_DEF1D': '#14141B', 'NEON_DEF2D': '#14141B', 'NEON_DEF3D': '#14141B', 'LED_SGL': '#FFFFFF', 'SINGLE_LED1': '#FFFFFF', 'SINGLE_LED2': '#FFFFFF', 'SINGLE_LED3': '#FFFFFF', 'LED_D_SGL': '#323232', 'SINGLE_LED1D': '#323232', 'SINGLE_LED2D': '#323232', 'SINGLE_LED3D': '#323232', 'GAS_LIGHT': '#FFFFFF', 'GAS_LIGHT_SGL': '#FFFFFF', 'GAS_LIGHT1': '#FFFFFF', 'GAS_LIGHT2': '#FFFFFF', 'GAS_LIGHT3': '#FFFFFF', 'GAS_LIGHTD': '#323232', 'GAS_LIGHTD_SGL': '#323232', 'GAS_LIGHT1D': '#323232', 'GAS_LIGHT2D': '#323232', 'GAS_LIGHT3D': '#323232', 'SKIP_ROOM': '#000000'}, 'Const': {}, 'GasLights': {'NEON_LIGHT': 'NEON_LIGHT', 'NEON_LIGHT_SGL': 'NEON_LIGHT', 'NEON_LIGHT1': 'NEON_LIGHT', 'NEON_LIGHT2': 'NEON_LIGHT', 'NEON_LIGHT3': 'NEON_LIGHT', 'NEON_LIGHTD': 'NEON_LIGHT D', 'NEON_LIGHTD_SGL': 'NEON_LIGHT D', 'NEON_LIGHT1D': 'NEON_LIGHT D', 'NEON_LIGHT2D': 'NEON_LIGHT D', 'NEON_LIGHT3D': 'NEON_LIGHT D', 'NEON_LIGHTM': 'NEON_LIGHT M', 'NEON_LIGHTM_SGL': 'NEON_LIGHT M', 'NEON_LIGHT1M': 'NEON_LIGHT M', 'NEON_LIGHT2M': 'NEON_LIGHT M', 'NEON_LIGHT3M': 'NEON_LIGHT M', 'NEON_LIGHTL': '#464650', 'NEON_LIGHTL_SGL': '#464650', 'NEON_LIGHT1L': '#464650', 'NEON_LIGHT2L': '#464650', 'NEON_LIGHT3L': '#464650', 'NEON_DEF_D': 'NEON_LIGHT D', 'NEON_DEF_D_SGL': 'NEON_LIGHT D', 'NEON_DEF1D': 'NEON_LIGHT D', 'NEON_DEF2D': 'NEON_LIGHT D', 'NEON_DEF3D': 'NEON_LIGHT D', 'GAS_LIGHT': 'GAS LIGHT', 'GAS_LIGHT_SGL': 'GAS LIGHT', 'GAS_LIGHT1': 'GAS LIGHT', 'GAS_LIGHT2': 'GAS LIGHT', 'GAS_LIGHT3': 'GAS LIGHT', 'GAS_LIGHTD': 'GAS_LIGHT D', 'GAS_LIGHTD_SGL': 'GAS_LIGHT D', 'GAS_LIGHT1D': 'GAS_LIGHT D', 'GAS_LIGHT2D': 'GAS_LIGHT D', 'GAS_LIGHT3D': 'GAS_LIGHT D'}}, 'old_effect': 'ROOM_DARK', 'group_name': 'Group001', 'autoconnect': False, 'lastSound': 0, 'lastSoundImpuls': 200, 'startcmdcb': False, 'startcmd_filename': '', 'resourcePathcb': False, 'resourcePath_filename': '', 'ArduinoTypeName': 'Nano/Uno (neu)', 'ArduinoTypeNumber': 1, 'Z21Data': {'0': {'serportname': 'NO DEVICE', 'dcc_start': 1, 'dcc_end': 9999}, '1': {'serportname': 'NO DEVICE', 'dcc_start': 1, 'dcc_end': 9999}, '2': {'serportname': 'NO DEVICE', 'dcc_start': 1, 'dcc_end': 9999}}, 'lastservo_channel': 1, 'DCC BaseAddress': 100, 'ServoAddress': 0, 'ServoLEDChannel': 0, 'ServoChannel': 0, 'SoundAddress': 0, 'SoundLEDChannel': 0, 'SoundImpulsLength': 200, 'Sound_RED': 8, 'Sound_GREEN': 3, 'Sound_BLUE': 6, 'baudratenumber': 0, 'ARDUINOMessage': 0, 'Autoconnect': 0, 'ARDUINOShowAll': True, 'ARDUINOTakeOver': True, 'ARDUINOTest': False, 'UseZ21Data': False, 'ARDUINOBlink': False, 'MLLDigSysName': 'None', 'MLLDigSysNumber': 0, 'Baudrate': 115200, 'FontTitle': 12, 'FontLabel': 8, 'FontSpinbox': 8, 'FontScale': 8, 'FontName': 'Arial', 'FontNormal': 11, 'FontLarge': 14, 'FontSmall': 8, 'RMbusTimer': 100, 'ShowProgramGenerator': True, 'ShowPatternGenerator': False, 'ShowZ21Simulator': True, 'ShowHiddentables': False, 'PGIconSize': 10, 'AutoLoadWorkbooks': True, 'UseCOM_Port_UserForm': False, 'languagename': 'Auto', 'language': 0, 'logging_level': 'DEBUG', 'logfilename': 'D:\\data\\doc\\GitHub\\pyMobaLedLib\\python\\../logfile.log', 'loaddatafile': True, 'useESP32WINBAT': True, 'vb2py': True, 'LEDchannel': '', 'lastactive_tabname': 'ProgGeneratorPage'}
15:10:36 - SaveConfigData
15:10:36 - ConfigFile-Save:D:\data\doc\GitHub\MobaLedTest_config.json
15:10:36 - SaveConfig: Stellwerk
  - {'serportnumber': 0, 'serportname': 'COM4', 'baudrate': 115200, 'maxLEDcount': '20', 'lastLedCount': 1, 'lastLedChannel': 0, 'lastLed': 0, 'pos_x': 0, 'pos_y': 0, 'win_height': 1377, 'win_width': 2560, 'colorview': 1, 'startpage': 3, 'startpagename': 'StartPage', 'led_correction_r': 255, 'led_correction_g': 175, 'led_correction_b': 239, 'use_led_correction': True, 'old_color': '#FF455B', 'palette': {'ROOM_COL0': '#0F0D03', 'ROOM_COL1': '#162C1B', 'ROOM_COL2': '#9B4905', 'ROOM_COL3': '#271201', 'ROOM_COL4': '#1E0000', 'ROOM_COL5': '#4F2707', 'GAS_LIGHT D': '#323232', 'GAS LIGHT': '#FFFFFF', 'NEON_LIGHT D': '#14141B', 'NEON_LIGHT M': '#464650', 'NEON_LIGHT': '#F5F5FF', 'ROOM_TV0 A': '#323214', 'ROOM_TV0 B': '#46461E', 'ROOM_TV1 A': '#323208', 'ROOM_TV1 B': '#323208', 'SINGLE_LED': '#FFFFFF', 'SINGLE_LED D': '#323232'}, 'effectpalette': {'House': {'ROOM_DARK': '#323232', 'ROOM_BRIGHT': '#FFFFFF', 'ROOM_WARM_W': '#934D08', 'ROOM_RED': '#FF0000', 'ROOM_D_RED': '#320009', 'ROOM_COL0': '#0F0D03', 'ROOM_COL1': '#162C1B', 'ROOM_COL2': '#9B4905', 'ROOM_COL3': '#271201', 'ROOM_COL4': '#1E0000', 'ROOM_COL5': '#4F2707', 'ROOM_COL345': '#271201', 'FIRE': '#000000', 'FIRED': '#000000', 'FIREB': '#000000', 'ROOM_CHIMNEY': '#000000', 'ROOM_CHIMNEYD': '#000000', 'ROOM_CHIMNEYB': '#000000', 'ROOM_TV0': '#323214', 'ROOM_TV0_CHIMNEY': '#323214', 'ROOM_TV0_CHIMNEYD': '#323214', 'ROOM_TV0_CHIMNEYB': '#323214', 'ROOM_TV1': '#323208', 'ROOM_TV1_CHIMNEY': '#323208', 'ROOM_TV1_CHIMNEYD': '#323208', 'ROOM_TV1_CHIMNEYB': '#323208', 'NEON_LIGHT': '#F5F5FF', 'NEON_LIGHT_SGL': '#F5F5FF', 'NEON_LIGHT1': '#F5F5FF', 'NEON_LIGHT2': '#F5F5FF', 'NEON_LIGHT3': '#F5F5FF', 'NEON_LIGHTD': '#14141B', 'NEON_LIGHTD_SGL': '#14141B', 'NEON_LIGHT1D': '#14141B', 'NEON_LIGHT2D': '#14141B', 'NEON_LIGHT3D': '#14141B', 'NEON_LIGHTM': '#464650', 'NEON_LIGHTM_SGL': '#464650', 'NEON_LIGHT1M': '#464650', 'NEON_LIGHT2M': '#464650', 'NEON_LIGHT3M': '#464650', 'NEON_LIGHTL': '#464650', 'NEON_LIGHTL_SGL': '#464650', 'NEON_LIGHT1L': '#464650', 'NEON_LIGHT2L': '#464650', 'NEON_LIGHT3L': '#464650', 'NEON_DEF_D': '#14141B', 'NEON_DEF_D_SGL': '#14141B', 'NEON_DEF1D': '#14141B', 'NEON_DEF2D': '#14141B', 'NEON_DEF3D': '#14141B', 'LED_SGL': '#FFFFFF', 'SINGLE_LED1': '#FFFFFF', 'SINGLE_LED2': '#FFFFFF', 'SINGLE_LED3': '#FFFFFF', 'LED_D_SGL': '#323232', 'SINGLE_LED1D': '#323232', 'SINGLE_LED2D': '#323232', 'SINGLE_LED3D': '#323232', 'GAS_LIGHT': '#FFFFFF', 'GAS_LIGHT_SGL': '#FFFFFF', 'GAS_LIGHT1': '#FFFFFF', 'GAS_LIGHT2': '#FFFFFF', 'GAS_LIGHT3': '#FFFFFF', 'GAS_LIGHTD': '#323232', 'GAS_LIGHTD_SGL': '#323232', 'GAS_LIGHT1D': '#323232', 'GAS_LIGHT2D': '#323232', 'GAS_LIGHT3D': '#323232', 'SKIP_ROOM': '#000000'}, 'Const': {}, 'GasLights': {'NEON_LIGHT': 'NEON_LIGHT', 'NEON_LIGHT_SGL': 'NEON_LIGHT', 'NEON_LIGHT1': 'NEON_LIGHT', 'NEON_LIGHT2': 'NEON_LIGHT', 'NEON_LIGHT3': 'NEON_LIGHT', 'NEON_LIGHTD': 'NEON_LIGHT D', 'NEON_LIGHTD_SGL': 'NEON_LIGHT D', 'NEON_LIGHT1D': 'NEON_LIGHT D', 'NEON_LIGHT2D': 'NEON_LIGHT D', 'NEON_LIGHT3D': 'NEON_LIGHT D', 'NEON_LIGHTM': 'NEON_LIGHT M', 'NEON_LIGHTM_SGL': 'NEON_LIGHT M', 'NEON_LIGHT1M': 'NEON_LIGHT M', 'NEON_LIGHT2M': 'NEON_LIGHT M', 'NEON_LIGHT3M': 'NEON_LIGHT M', 'NEON_LIGHTL': '#464650', 'NEON_LIGHTL_SGL': '#464650', 'NEON_LIGHT1L': '#464650', 'NEON_LIGHT2L': '#464650', 'NEON_LIGHT3L': '#464650', 'NEON_DEF_D': 'NEON_LIGHT D', 'NEON_DEF_D_SGL': 'NEON_LIGHT D', 'NEON_DEF1D': 'NEON_LIGHT D', 'NEON_DEF2D': 'NEON_LIGHT D', 'NEON_DEF3D': 'NEON_LIGHT D', 'GAS_LIGHT': 'GAS LIGHT', 'GAS_LIGHT_SGL': 'GAS LIGHT', 'GAS_LIGHT1': 'GAS LIGHT', 'GAS_LIGHT2': 'GAS LIGHT', 'GAS_LIGHT3': 'GAS LIGHT', 'GAS_LIGHTD': 'GAS_LIGHT D', 'GAS_LIGHTD_SGL': 'GAS_LIGHT D', 'GAS_LIGHT1D': 'GAS_LIGHT D', 'GAS_LIGHT2D': 'GAS_LIGHT D', 'GAS_LIGHT3D': 'GAS_LIGHT D'}}, 'old_effect': 'ROOM_DARK', 'group_name': 'Group001', 'autoconnect': False, 'lastSound': 0, 'lastSoundImpuls': 200, 'startcmdcb': False, 'startcmd_filename': '', 'resourcePathcb': False, 'resourcePath_filename': '', 'ArduinoTypeName': 'Nano/Uno (neu)', 'ArduinoTypeNumber': 1, 'Z21Data': {'0': {'serportname': 'NO DEVICE', 'dcc_start': 1, 'dcc_end': 9999}, '1': {'serportname': 'NO DEVICE', 'dcc_start': 1, 'dcc_end': 9999}, '2': {'serportname': 'NO DEVICE', 'dcc_start': 1, 'dcc_end': 9999}}, 'lastservo_channel': 1, 'DCC BaseAddress': 100, 'ServoAddress': 0, 'ServoLEDChannel': 0, 'ServoChannel': 0, 'SoundAddress': 0, 'SoundLEDChannel': 0, 'SoundImpulsLength': 200, 'Sound_RED': 8, 'Sound_GREEN': 3, 'Sound_BLUE': 6, 'baudratenumber': 0, 'ARDUINOMessage': 0, 'Autoconnect': 0, 'ARDUINOShowAll': True, 'ARDUINOTakeOver': True, 'ARDUINOTest': False, 'UseZ21Data': False, 'ARDUINOBlink': False, 'MLLDigSysName': 'None', 'MLLDigSysNumber': 0, 'Baudrate': 115200, 'FontTitle': 12, 'FontLabel': 8, 'FontSpinbox': 8, 'FontScale': 8, 'FontName': 'Arial', 'FontNormal': 11, 'FontLarge': 14, 'FontSmall': 8, 'RMbusTimer': 100, 'ShowProgramGenerator': True, 'ShowPatternGenerator': False, 'ShowZ21Simulator': True, 'ShowHiddentables': False, 'PGIconSize': 10, 'AutoLoadWorkbooks': True, 'UseCOM_Port_UserForm': False, 'languagename': 'Auto', 'language': 0, 'logging_level': 'DEBUG', 'logfilename': 'D:\\data\\doc\\GitHub\\pyMobaLedLib\\python\\../logfile.log', 'loaddatafile': True, 'useESP32WINBAT': True, 'vb2py': True, 'LEDchannel': '', 'lastactive_tabname': 'ProgGeneratorPage'}
15:10:36 - SaveConfigData
15:10:36 - ConfigFile-Save:D:\data\doc\GitHub\MobaLedTest_config.json
15:10:36 - SaveConfig: Stellwerk
Editor - {'serportnumber': 0, 'serportname': 'COM4', 'baudrate': 115200, 'maxLEDcount': '20', 'lastLedCount': 1, 'lastLedChannel': 0, 'lastLed': 0, 'pos_x': 0, 'pos_y': 0, 'win_height': 1377, 'win_width': 2560, 'colorview': 1, 'startpage': 3, 'startpagename': 'StartPage', 'led_correction_r': 255, 'led_correction_g': 175, 'led_correction_b': 239, 'use_led_correction': True, 'old_color': '#FF455B', 'palette': {'ROOM_COL0': '#0F0D03', 'ROOM_COL1': '#162C1B', 'ROOM_COL2': '#9B4905', 'ROOM_COL3': '#271201', 'ROOM_COL4': '#1E0000', 'ROOM_COL5': '#4F2707', 'GAS_LIGHT D': '#323232', 'GAS LIGHT': '#FFFFFF', 'NEON_LIGHT D': '#14141B', 'NEON_LIGHT M': '#464650', 'NEON_LIGHT': '#F5F5FF', 'ROOM_TV0 A': '#323214', 'ROOM_TV0 B': '#46461E', 'ROOM_TV1 A': '#323208', 'ROOM_TV1 B': '#323208', 'SINGLE_LED': '#FFFFFF', 'SINGLE_LED D': '#323232'}, 'effectpalette': {'House': {'ROOM_DARK': '#323232', 'ROOM_BRIGHT': '#FFFFFF', 'ROOM_WARM_W': '#934D08', 'ROOM_RED': '#FF0000', 'ROOM_D_RED': '#320009', 'ROOM_COL0': '#0F0D03', 'ROOM_COL1': '#162C1B', 'ROOM_COL2': '#9B4905', 'ROOM_COL3': '#271201', 'ROOM_COL4': '#1E0000', 'ROOM_COL5': '#4F2707', 'ROOM_COL345': '#271201', 'FIRE': '#000000', 'FIRED': '#000000', 'FIREB': '#000000', 'ROOM_CHIMNEY': '#000000', 'ROOM_CHIMNEYD': '#000000', 'ROOM_CHIMNEYB': '#000000', 'ROOM_TV0': '#323214', 'ROOM_TV0_CHIMNEY': '#323214', 'ROOM_TV0_CHIMNEYD': '#323214', 'ROOM_TV0_CHIMNEYB': '#323214', 'ROOM_TV1': '#323208', 'ROOM_TV1_CHIMNEY': '#323208', 'ROOM_TV1_CHIMNEYD': '#323208', 'ROOM_TV1_CHIMNEYB': '#323208', 'NEON_LIGHT': '#F5F5FF', 'NEON_LIGHT_SGL': '#F5F5FF', 'NEON_LIGHT1': '#F5F5FF', 'NEON_LIGHT2': '#F5F5FF', 'NEON_LIGHT3': '#F5F5FF', 'NEON_LIGHTD': '#14141B', 'NEON_LIGHTD_SGL': '#14141B', 'NEON_LIGHT1D': '#14141B', 'NEON_LIGHT2D': '#14141B', 'NEON_LIGHT3D': '#14141B', 'NEON_LIGHTM': '#464650', 'NEON_LIGHTM_SGL': '#464650', 'NEON_LIGHT1M': '#464650', 'NEON_LIGHT2M': '#464650', 'NEON_LIGHT3M': '#464650', 'NEON_LIGHTL': '#464650', 'NEON_LIGHTL_SGL': '#464650', 'NEON_LIGHT1L': '#464650', 'NEON_LIGHT2L': '#464650', 'NEON_LIGHT3L': '#464650', 'NEON_DEF_D': '#14141B', 'NEON_DEF_D_SGL': '#14141B', 'NEON_DEF1D': '#14141B', 'NEON_DEF2D': '#14141B', 'NEON_DEF3D': '#14141B', 'LED_SGL': '#FFFFFF', 'SINGLE_LED1': '#FFFFFF', 'SINGLE_LED2': '#FFFFFF', 'SINGLE_LED3': '#FFFFFF', 'LED_D_SGL': '#323232', 'SINGLE_LED1D': '#323232', 'SINGLE_LED2D': '#323232', 'SINGLE_LED3D': '#323232', 'GAS_LIGHT': '#FFFFFF', 'GAS_LIGHT_SGL': '#FFFFFF', 'GAS_LIGHT1': '#FFFFFF', 'GAS_LIGHT2': '#FFFFFF', 'GAS_LIGHT3': '#FFFFFF', 'GAS_LIGHTD': '#323232', 'GAS_LIGHTD_SGL': '#323232', 'GAS_LIGHT1D': '#323232', 'GAS_LIGHT2D': '#323232', 'GAS_LIGHT3D': '#323232', 'SKIP_ROOM': '#000000'}, 'Const': {}, 'GasLights': {'NEON_LIGHT': 'NEON_LIGHT', 'NEON_LIGHT_SGL': 'NEON_LIGHT', 'NEON_LIGHT1': 'NEON_LIGHT', 'NEON_LIGHT2': 'NEON_LIGHT', 'NEON_LIGHT3': 'NEON_LIGHT', 'NEON_LIGHTD': 'NEON_LIGHT D', 'NEON_LIGHTD_SGL': 'NEON_LIGHT D', 'NEON_LIGHT1D': 'NEON_LIGHT D', 'NEON_LIGHT2D': 'NEON_LIGHT D', 'NEON_LIGHT3D': 'NEON_LIGHT D', 'NEON_LIGHTM': 'NEON_LIGHT M', 'NEON_LIGHTM_SGL': 'NEON_LIGHT M', 'NEON_LIGHT1M': 'NEON_LIGHT M', 'NEON_LIGHT2M': 'NEON_LIGHT M', 'NEON_LIGHT3M': 'NEON_LIGHT M', 'NEON_LIGHTL': '#464650', 'NEON_LIGHTL_SGL': '#464650', 'NEON_LIGHT1L': '#464650', 'NEON_LIGHT2L': '#464650', 'NEON_LIGHT3L': '#464650', 'NEON_DEF_D': 'NEON_LIGHT D', 'NEON_DEF_D_SGL': 'NEON_LIGHT D', 'NEON_DEF1D': 'NEON_LIGHT D', 'NEON_DEF2D': 'NEON_LIGHT D', 'NEON_DEF3D': 'NEON_LIGHT D', 'GAS_LIGHT': 'GAS LIGHT', 'GAS_LIGHT_SGL': 'GAS LIGHT', 'GAS_LIGHT1': 'GAS LIGHT', 'GAS_LIGHT2': 'GAS LIGHT', 'GAS_LIGHT3': 'GAS LIGHT', 'GAS_LIGHTD': 'GAS_LIGHT D', 'GAS_LIGHTD_SGL': 'GAS_LIGHT D', 'GAS_LIGHT1D': 'GAS_LIGHT D', 'GAS_LIGHT2D': 'GAS_LIGHT D', 'GAS_LIGHT3D': 'GAS_LIGHT D'}}, 'old_effect': 'ROOM_DARK', 'group_name': 'Group001', 'autoconnect': False, 'lastSound': 0, 'lastSoundImpuls': 200, 'startcmdcb': False, 'startcmd_filename': '', 'resourcePathcb': False, 'resourcePath_filename': '', 'ArduinoTypeName': 'Nano/Uno (neu)', 'ArduinoTypeNumber': 1, 'Z21Data': {'0': {'serportname': 'NO DEVICE', 'dcc_start': 1, 'dcc_end': 9999}, '1': {'serportname': 'NO DEVICE', 'dcc_start': 1, 'dcc_end': 9999}, '2': {'serportname': 'NO DEVICE', 'dcc_start': 1, 'dcc_end': 9999}}, 'lastservo_channel': 1, 'DCC BaseAddress': 100, 'ServoAddress': 0, 'ServoLEDChannel': 0, 'ServoChannel': 0, 'SoundAddress': 0, 'SoundLEDChannel': 0, 'SoundImpulsLength': 200, 'Sound_RED': 8, 'Sound_GREEN': 3, 'Sound_BLUE': 6, 'baudratenumber': 0, 'ARDUINOMessage': 0, 'Autoconnect': 0, 'ARDUINOShowAll': True, 'ARDUINOTakeOver': True, 'ARDUINOTest': False, 'UseZ21Data': False, 'ARDUINOBlink': False, 'MLLDigSysName': 'None', 'MLLDigSysNumber': 0, 'Baudrate': 115200, 'FontTitle': 12, 'FontLabel': 8, 'FontSpinbox': 8, 'FontScale': 8, 'FontName': 'Arial', 'FontNormal': 11, 'FontLarge': 14, 'FontSmall': 8, 'RMbusTimer': 100, 'ShowProgramGenerator': True, 'ShowPatternGenerator': False, 'ShowZ21Simulator': True, 'ShowHiddentables': False, 'PGIconSize': 10, 'AutoLoadWorkbooks': True, 'UseCOM_Port_UserForm': False, 'languagename': 'Auto', 'language': 0, 'logging_level': 'DEBUG', 'logfilename': 'D:\\data\\doc\\GitHub\\pyMobaLedLib\\python\\../logfile.log', 'loaddatafile': True, 'useESP32WINBAT': True, 'vb2py': True, 'LEDchannel': '', 'lastactive_tabname': 'ProgGeneratorPage'}
15:10:36 - SaveConfigData
15:10:36 - ConfigFile-Save:D:\data\doc\GitHub\MobaLedTest_config.json
15:10:36 - disconnect start
15:10:36 - set_connectstatusmessage: Nicht Verbunden
15:10:36 - Destroy
15:10:36 - Program End
