10:28:34 - Python Version: 3.12.3 (tags/v3.12.3:f6650f9, Apr  9 2024, 14:05:25) [MSC v.1938 64 bit (AMD64)]
10:28:34 - MLL Proggenerator started V3.2.1C1(5.2.5.001) 23.04.2024
10:28:34 -  Platform: Windows-10-10.0.19045-SP0
10:28:34 - Parameters; Namespace(loglevel='DEBUG', logfile=None, loaddatafile=None, startpage=None, port=None, z21simulator=None, caller=None, test=None, vb2py=None)
10:28:34 - Installationfolder D:\data\doc\GitHub\pyMobaLedLib\python
10:28:34 - Logging Level: DEBUG Logfilename: D:\data\doc\GitHub\pyMobaLedLib\python\logfile.log
10:28:34 -  Startpage: StartPage
10:28:34 - [Errno 2] No such file or directory: 'D:\\data\\doc\\GitHub\\pyMobaLedLib\\python\\ColorTestOnly.txt'
Traceback (most recent call last):
  File "d:\data\doc\GitHub\pyMobaLedLib\python\pyMobaLedLib.py", line 2948, in main_entry
    open(filepath1, 'r').close()
    ^^^^^^^^^^^^^^^^^^^^
FileNotFoundError: [Errno 2] No such file or directory: 'D:\\data\\doc\\GitHub\\pyMobaLedLib\\python\\ColorTestOnly.txt'
10:28:34 - Commandline args: {'logging_level': 'DEBUG', 'logfilename': 'D:\\data\\doc\\GitHub\\pyMobaLedLib\\python\\logfile.log', 'startpagename': 'StartPage', 'loaddatafile': True}
10:28:34 - readConfigData
10:28:34 - Warning: Config File D:\data\doc\GitHub\pyMobaLedLib\python\MobaLedTest_param.json not found
10:28:34 - Read Paramdata: {}
10:28:34 - ReadConfig: ../../MobaLedTest_config.json D:\data\doc\GitHub\pyMobaLedLib\python
{'serportnumber': 0, 'serportname': 'COM5', 'baudrate': 115200, 'maxLEDcount': 20, 'lastLedCount': 1, 'lastLed': 0, 'pos_x': -1928, 'pos_y': -8, 'win_height': 1017, 'win_width': 1920, 'colorview': 1, 'startpage': 1, 'startpagename': 'StartPage', 'led_correction_r': 255, 'led_correction_g': 175, 'led_correction_b': 239, 'use_led_correction': True, 'old_color': '#FFFFFF', 'palette': {'ROOM_COL0': '#0F0D03', 'ROOM_COL1': '#162C1B', 'ROOM_COL2': '#9B4905', 'ROOM_COL3': '#271201', 'ROOM_COL4': '#1E0000', 'ROOM_COL5': '#4F2707', 'GAS_LIGHT D': '#323232', 'GAS LIGHT': '#FFFFFF', 'NEON_LIGHT D': '#14141B', 'NEON_LIGHT M': '#464650', 'NEON_LIGHT': '#F5F5FF', 'ROOM_TV0 A': '#323214', 'ROOM_TV0 B': '#46461E', 'ROOM_TV1 A': '#323208', 'ROOM_TV1 B': '#323208', 'SINGLE_LED': '#FFFFFF', 'SINGLE_LED D': '#323232'}, 'effectpalette': {'House': {'ROOM_DARK': '#323232', 'ROOM_BRIGHT': '#FFFFFF', 'ROOM_WARM_W': '#934D08', 'ROOM_RED': '#FF0000', 'ROOM_D_RED': '#320009', 'ROOM_COL0': '#0F0D03', 'ROOM_COL1': '#162C1B', 'ROOM_COL2': '#9B4905', 'ROOM_COL3': '#271201', 'ROOM_COL4': '#1E0000', 'ROOM_COL5': '#4F2707', 'ROOM_COL345': '#271201', 'FIRE': '#000000', 'FIRED': '#000000', 'FIREB': '#000000', 'ROOM_CHIMNEY': '#000000', 'ROOM_CHIMNEYD': '#000000', 'ROOM_CHIMNEYB': '#000000', 'ROOM_TV0': '#323214', 'ROOM_TV0_CHIMNEY': '#323214', 'ROOM_TV0_CHIMNEYD': '#323214', 'ROOM_TV0_CHIMNEYB': '#323214', 'ROOM_TV1': '#323208', 'ROOM_TV1_CHIMNEY': '#323208', 'ROOM_TV1_CHIMNEYD': '#323208', 'ROOM_TV1_CHIMNEYB': '#323208', 'NEON_LIGHT': '#F5F5FF', 'NEON_LIGHT_SGL': '#F5F5FF', 'NEON_LIGHT1': '#F5F5FF', 'NEON_LIGHT2': '#F5F5FF', 'NEON_LIGHT3': '#F5F5FF', 'NEON_LIGHTD': '#14141B', 'NEON_LIGHTD_SGL': '#14141B', 'NEON_LIGHT1D': '#14141B', 'NEON_LIGHT2D': '#14141B', 'NEON_LIGHT3D': '#14141B', 'NEON_LIGHTM': '#464650', 'NEON_LIGHTM_SGL': '#464650', 'NEON_LIGHT1M': '#464650', 'NEON_LIGHT2M': '#464650', 'NEON_LIGHT3M': '#464650', 'NEON_LIGHTL': '#464650', 'NEON_LIGHTL_SGL': '#464650', 'NEON_LIGHT1L': '#464650', 'NEON_LIGHT2L': '#464650', 'NEON_LIGHT3L': '#464650', 'NEON_DEF_D': '#14141B', 'NEON_DEF_D_SGL': '#14141B', 'NEON_DEF1D': '#14141B', 'NEON_DEF2D': '#14141B', 'NEON_DEF3D': '#14141B', 'LED_SGL': '#FFFFFF', 'SINGLE_LED1': '#FFFFFF', 'SINGLE_LED2': '#FFFFFF', 'SINGLE_LED3': '#FFFFFF', 'LED_D_SGL': '#323232', 'SINGLE_LED1D': '#323232', 'SINGLE_LED2D': '#323232', 'SINGLE_LED3D': '#323232', 'GAS_LIGHT': '#FFFFFF', 'GAS_LIGHT_SGL': '#FFFFFF', 'GAS_LIGHT1': '#FFFFFF', 'GAS_LIGHT2': '#FFFFFF', 'GAS_LIGHT3': '#FFFFFF', 'GAS_LIGHTD': '#323232', 'GAS_LIGHTD_SGL': '#323232', 'GAS_LIGHT1D': '#323232', 'GAS_LIGHT2D': '#323232', 'GAS_LIGHT3D': '#323232', 'SKIP_ROOM': '#000000'}, 'Const': {}, 'GasLights': {'NEON_LIGHT': 'NEON_LIGHT', 'NEON_LIGHT_SGL': 'NEON_LIGHT', 'NEON_LIGHT1': 'NEON_LIGHT', 'NEON_LIGHT2': 'NEON_LIGHT', 'NEON_LIGHT3': 'NEON_LIGHT', 'NEON_LIGHTD': 'NEON_LIGHT D', 'NEON_LIGHTD_SGL': 'NEON_LIGHT D', 'NEON_LIGHT1D': 'NEON_LIGHT D', 'NEON_LIGHT2D': 'NEON_LIGHT D', 'NEON_LIGHT3D': 'NEON_LIGHT D', 'NEON_LIGHTM': 'NEON_LIGHT M', 'NEON_LIGHTM_SGL': 'NEON_LIGHT M', 'NEON_LIGHT1M': 'NEON_LIGHT M', 'NEON_LIGHT2M': 'NEON_LIGHT M', 'NEON_LIGHT3M': 'NEON_LIGHT M', 'NEON_LIGHTL': '#464650', 'NEON_LIGHTL_SGL': '#464650', 'NEON_LIGHT1L': '#464650', 'NEON_LIGHT2L': '#464650', 'NEON_LIGHT3L': '#464650', 'NEON_DEF_D': 'NEON_LIGHT D', 'NEON_DEF_D_SGL': 'NEON_LIGHT D', 'NEON_DEF1D': 'NEON_LIGHT D', 'NEON_DEF2D': 'NEON_LIGHT D', 'NEON_DEF3D': 'NEON_LIGHT D', 'GAS_LIGHT': 'GAS LIGHT', 'GAS_LIGHT_SGL': 'GAS LIGHT', 'GAS_LIGHT1': 'GAS LIGHT', 'GAS_LIGHT2': 'GAS LIGHT', 'GAS_LIGHT3': 'GAS LIGHT', 'GAS_LIGHTD': 'GAS_LIGHT D', 'GAS_LIGHTD_SGL': 'GAS_LIGHT D', 'GAS_LIGHT1D': 'GAS_LIGHT D', 'GAS_LIGHT2D': 'GAS_LIGHT D', 'GAS_LIGHT3D': 'GAS_LIGHT D'}}, 'old_effect': 'ROOM_DARK', 'group_name': 'Group001', 'autoconnect': False, 'lastSound': 0, 'lastSoundImpuls': 200, 'startcmdcb': False, 'startcmd_filename': '', 'resourcePathcb': False, 'resourcePath_filename': '', 'ArduinoTypeName': 'Nano/Uno (neu)', 'ArduinoTypeNumber': 1, 'Z21Data': {'0': {'serportname': 'NO DEVICE', 'dcc_start': 1, 'dcc_end': 9999}, '1': {'serportname': 'NO DEVICE', 'dcc_start': 1, 'dcc_end': 9999}, '2': {'serportname': 'NO DEVICE', 'dcc_start': 1, 'dcc_end': 9999}}, 'lastservo_channel': 1, 'DCC BaseAddress': 100, 'ServoAddress': 1, 'ServoChannel': 0, 'SoundAddress': 0, 'SoundImpulsLength': 200, 'Sound_RED': 8, 'Sound_GREEN': 3, 'Sound_BLUE': 6, 'baudratenumber': 0, 'ARDUINOMessage': 0, 'Autoconnect': 0, 'ARDUINOShowAll': True, 'ARDUINOTakeOver': True, 'UseZ21Data': False, 'ARDUINOBlink': False, 'MLLDigSysName': 'None', 'MLLDigSysNumber': 0, 'Baudrate': 115200, 'FontTitle': 12, 'FontLabel': 8, 'FontSpinbox': 8, 'FontScale': 8, 'FontName': 'Arial', 'FontNormal': 11, 'FontLarge': 14, 'FontSmall': 8, 'RMbusTimer': 0, 'ShowProgramGenerator': True, 'ShowPatternGenerator': True, 'ShowHiddentables': False, 'AutoLoadWorkbooks': True, 'UseCOM_Port_UserForm': False, 'languagename': 'Deutsch', 'language': 1, 'ShowPatterConfigurator': False, 'loaddatafile': True, 'LEDchannel': 0, 'vb2py': 'True', 'logfilename': 'D:\\data\\doc\\GitHub\\pyMobaLedLib\\python\\logfile.log', 'logging_level': 'DEBUG', 'z21simulator': 'True', 'caller': 'SetColTab'}
10:28:34 - running in a normal Python process
10:28:34 - ReadConfig: {'serportnumber': 0, 'serportname': 'COM5', 'baudrate': 115200, 'maxLEDcount': 20, 'lastLedCount': 1, 'lastLed': 0, 'pos_x': -1928, 'pos_y': -8, 'win_height': 1017, 'win_width': 1920, 'colorview': 1, 'startpage': 1, 'startpagename': 'StartPage', 'led_correction_r': 255, 'led_correction_g': 175, 'led_correction_b': 239, 'use_led_correction': True, 'old_color': '#FFFFFF', 'palette': {'ROOM_COL0': '#0F0D03', 'ROOM_COL1': '#162C1B', 'ROOM_COL2': '#9B4905', 'ROOM_COL3': '#271201', 'ROOM_COL4': '#1E0000', 'ROOM_COL5': '#4F2707', 'GAS_LIGHT D': '#323232', 'GAS LIGHT': '#FFFFFF', 'NEON_LIGHT D': '#14141B', 'NEON_LIGHT M': '#464650', 'NEON_LIGHT': '#F5F5FF', 'ROOM_TV0 A': '#323214', 'ROOM_TV0 B': '#46461E', 'ROOM_TV1 A': '#323208', 'ROOM_TV1 B': '#323208', 'SINGLE_LED': '#FFFFFF', 'SINGLE_LED D': '#323232'}, 'effectpalette': {'House': {'ROOM_DARK': '#323232', 'ROOM_BRIGHT': '#FFFFFF', 'ROOM_WARM_W': '#934D08', 'ROOM_RED': '#FF0000', 'ROOM_D_RED': '#320009', 'ROOM_COL0': '#0F0D03', 'ROOM_COL1': '#162C1B', 'ROOM_COL2': '#9B4905', 'ROOM_COL3': '#271201', 'ROOM_COL4': '#1E0000', 'ROOM_COL5': '#4F2707', 'ROOM_COL345': '#271201', 'FIRE': '#000000', 'FIRED': '#000000', 'FIREB': '#000000', 'ROOM_CHIMNEY': '#000000', 'ROOM_CHIMNEYD': '#000000', 'ROOM_CHIMNEYB': '#000000', 'ROOM_TV0': '#323214', 'ROOM_TV0_CHIMNEY': '#323214', 'ROOM_TV0_CHIMNEYD': '#323214', 'ROOM_TV0_CHIMNEYB': '#323214', 'ROOM_TV1': '#323208', 'ROOM_TV1_CHIMNEY': '#323208', 'ROOM_TV1_CHIMNEYD': '#323208', 'ROOM_TV1_CHIMNEYB': '#323208', 'NEON_LIGHT': '#F5F5FF', 'NEON_LIGHT_SGL': '#F5F5FF', 'NEON_LIGHT1': '#F5F5FF', 'NEON_LIGHT2': '#F5F5FF', 'NEON_LIGHT3': '#F5F5FF', 'NEON_LIGHTD': '#14141B', 'NEON_LIGHTD_SGL': '#14141B', 'NEON_LIGHT1D': '#14141B', 'NEON_LIGHT2D': '#14141B', 'NEON_LIGHT3D': '#14141B', 'NEON_LIGHTM': '#464650', 'NEON_LIGHTM_SGL': '#464650', 'NEON_LIGHT1M': '#464650', 'NEON_LIGHT2M': '#464650', 'NEON_LIGHT3M': '#464650', 'NEON_LIGHTL': '#464650', 'NEON_LIGHTL_SGL': '#464650', 'NEON_LIGHT1L': '#464650', 'NEON_LIGHT2L': '#464650', 'NEON_LIGHT3L': '#464650', 'NEON_DEF_D': '#14141B', 'NEON_DEF_D_SGL': '#14141B', 'NEON_DEF1D': '#14141B', 'NEON_DEF2D': '#14141B', 'NEON_DEF3D': '#14141B', 'LED_SGL': '#FFFFFF', 'SINGLE_LED1': '#FFFFFF', 'SINGLE_LED2': '#FFFFFF', 'SINGLE_LED3': '#FFFFFF', 'LED_D_SGL': '#323232', 'SINGLE_LED1D': '#323232', 'SINGLE_LED2D': '#323232', 'SINGLE_LED3D': '#323232', 'GAS_LIGHT': '#FFFFFF', 'GAS_LIGHT_SGL': '#FFFFFF', 'GAS_LIGHT1': '#FFFFFF', 'GAS_LIGHT2': '#FFFFFF', 'GAS_LIGHT3': '#FFFFFF', 'GAS_LIGHTD': '#323232', 'GAS_LIGHTD_SGL': '#323232', 'GAS_LIGHT1D': '#323232', 'GAS_LIGHT2D': '#323232', 'GAS_LIGHT3D': '#323232', 'SKIP_ROOM': '#000000'}, 'Const': {}, 'GasLights': {'NEON_LIGHT': 'NEON_LIGHT', 'NEON_LIGHT_SGL': 'NEON_LIGHT', 'NEON_LIGHT1': 'NEON_LIGHT', 'NEON_LIGHT2': 'NEON_LIGHT', 'NEON_LIGHT3': 'NEON_LIGHT', 'NEON_LIGHTD': 'NEON_LIGHT D', 'NEON_LIGHTD_SGL': 'NEON_LIGHT D', 'NEON_LIGHT1D': 'NEON_LIGHT D', 'NEON_LIGHT2D': 'NEON_LIGHT D', 'NEON_LIGHT3D': 'NEON_LIGHT D', 'NEON_LIGHTM': 'NEON_LIGHT M', 'NEON_LIGHTM_SGL': 'NEON_LIGHT M', 'NEON_LIGHT1M': 'NEON_LIGHT M', 'NEON_LIGHT2M': 'NEON_LIGHT M', 'NEON_LIGHT3M': 'NEON_LIGHT M', 'NEON_LIGHTL': '#464650', 'NEON_LIGHTL_SGL': '#464650', 'NEON_LIGHT1L': '#464650', 'NEON_LIGHT2L': '#464650', 'NEON_LIGHT3L': '#464650', 'NEON_DEF_D': 'NEON_LIGHT D', 'NEON_DEF_D_SGL': 'NEON_LIGHT D', 'NEON_DEF1D': 'NEON_LIGHT D', 'NEON_DEF2D': 'NEON_LIGHT D', 'NEON_DEF3D': 'NEON_LIGHT D', 'GAS_LIGHT': 'GAS LIGHT', 'GAS_LIGHT_SGL': 'GAS LIGHT', 'GAS_LIGHT1': 'GAS LIGHT', 'GAS_LIGHT2': 'GAS LIGHT', 'GAS_LIGHT3': 'GAS LIGHT', 'GAS_LIGHTD': 'GAS_LIGHT D', 'GAS_LIGHTD_SGL': 'GAS_LIGHT D', 'GAS_LIGHT1D': 'GAS_LIGHT D', 'GAS_LIGHT2D': 'GAS_LIGHT D', 'GAS_LIGHT3D': 'GAS_LIGHT D'}}, 'old_effect': 'ROOM_DARK', 'group_name': 'Group001', 'autoconnect': False, 'lastSound': 0, 'lastSoundImpuls': 200, 'startcmdcb': False, 'startcmd_filename': '', 'resourcePathcb': False, 'resourcePath_filename': '', 'ArduinoTypeName': 'Nano/Uno (neu)', 'ArduinoTypeNumber': 1, 'Z21Data': {'0': {'serportname': 'NO DEVICE', 'dcc_start': 1, 'dcc_end': 9999}, '1': {'serportname': 'NO DEVICE', 'dcc_start': 1, 'dcc_end': 9999}, '2': {'serportname': 'NO DEVICE', 'dcc_start': 1, 'dcc_end': 9999}}, 'lastservo_channel': 1, 'DCC BaseAddress': 100, 'ServoAddress': 1, 'ServoChannel': 0, 'SoundAddress': 0, 'SoundImpulsLength': 200, 'Sound_RED': 8, 'Sound_GREEN': 3, 'Sound_BLUE': 6, 'baudratenumber': 0, 'ARDUINOMessage': 0, 'Autoconnect': 0, 'ARDUINOShowAll': True, 'ARDUINOTakeOver': True, 'UseZ21Data': False, 'ARDUINOBlink': False, 'MLLDigSysName': 'None', 'MLLDigSysNumber': 0, 'Baudrate': 115200, 'FontTitle': 12, 'FontLabel': 8, 'FontSpinbox': 8, 'FontScale': 8, 'FontName': 'Arial', 'FontNormal': 11, 'FontLarge': 14, 'FontSmall': 8, 'RMbusTimer': 0, 'ShowProgramGenerator': True, 'ShowPatternGenerator': True, 'ShowHiddentables': False, 'AutoLoadWorkbooks': True, 'UseCOM_Port_UserForm': False, 'languagename': 'Deutsch', 'language': 1, 'ShowPatterConfigurator': False, 'loaddatafile': True, 'LEDchannel': 0, 'vb2py': 'True', 'logfilename': 'D:\\data\\doc\\GitHub\\pyMobaLedLib\\python\\logfile.log', 'logging_level': 'DEBUG', 'z21simulator': 'True', 'caller': 'SetColTab'}
10:28:34 - Screenwidht: 2560 Screenheight: 1440
10:28:34 - Windowwidht: 1920 Windowheight: 1017
10:28:34 - pos_x: -1928 pos_y: -8
10:28:35 - set_statusmessage: Erstelle ProgramGenerator Seite ...
10:28:35 - set_statusmessage: Erstelle Workbook: ProgGenerator
10:28:35 - set_statusmessage: Erstelle WorkSheet: DCC
10:28:39 - set_statusmessage: Erstelle WorkSheet: Selectrix
10:28:39 - set_statusmessage: Erstelle WorkSheet: CAN
10:28:39 - set_statusmessage: Erstelle WorkSheet: Examples
10:28:39 - set_statusmessage: Erstelle WorkSheet: Config
10:28:39 - set_statusmessage: Erstelle WorkSheet: Languages
10:28:40 - set_statusmessage: Erstelle WorkSheet: Lib_Macros
10:28:40 - set_statusmessage: Erstelle WorkSheet: Libraries
10:28:40 - set_statusmessage: Erstelle WorkSheet: Par_Description
10:28:41 - set_statusmessage: Erstelle WorkSheet: Platform_Parameters
10:28:41 - set_statusmessage: Erstelle WorkSheet: Named_Ranges
10:28:41 - Set_activeworkbook:	ProgGenerator
10:28:41 - Set_activeworkbook:	ProgGenerator
10:28:41 - Set_activeworkbook:	ProgGenerator
10:28:41 - Set_activeworkbook:	ProgGenerator
10:28:41 - Warning: Config File D:\data\doc\GitHub\pyMobaLedLib\python\../temp_workbook.table_ProgGenerator.json not found
10:28:41 - Load Workbook:D:\data\doc\GitHub\pyMobaLedLib\python\../temp_workbook.table_ProgGenerator.json
10:28:41 - FileVersion:000
10:28:41 - set_statusmessage: Init Workbook: ProgGenerator
10:28:41 - set_statusmessage: Init Workbook: ProgGenerator Sheet: DCC
10:28:41 - set_statusmessage: Init Workbook: ProgGenerator Sheet: Selectrix
10:28:41 - set_statusmessage: Init Workbook: ProgGenerator Sheet: CAN
10:28:41 - set_statusmessage: Init Workbook: ProgGenerator Sheet: Examples
10:28:41 - set_statusmessage: Init Workbook: ProgGenerator Sheet: Config
10:28:41 - set_statusmessage: Init Workbook: ProgGenerator Sheet: Languages
10:28:41 - set_statusmessage: Init Workbook: ProgGenerator Sheet: Lib_Macros
10:28:41 - set_statusmessage: Init Workbook: ProgGenerator Sheet: Libraries
10:28:41 - set_statusmessage: Init Workbook: ProgGenerator Sheet: Par_Description
10:28:41 - set_statusmessage: Init Workbook: ProgGenerator Sheet: Platform_Parameters
10:28:41 - set_statusmessage: Init Workbook: ProgGenerator Sheet: Named_Ranges
10:28:41 - Set_activeworkbook:	ProgGenerator
10:28:41 - Set_activeworkbook:	ProgGenerator
10:28:41 - set_statusmessage: Init WorkbookFunction: ProgGenerator
10:28:41 - Checkplatform: Current platform=Windows- Checked Platform=Windows
10:28:41 - Workbook_init - AppLoc_Ardu:\AppData\Local\Arduino15\
10:28:41 - Workbook_init - Env_USERPROFILE:USERPROFILE
10:28:41 - *** Translation not found for:Simple Input
10:28:41 - *** Translation not found for:Simple Input
10:28:41 - Workbook_Open() called
10:28:41 - Workbook_Open() called
10:28:41 - EventSH_cellselected
10:28:41 - EventSH_cellselected
10:28:41 - EventSH_cellselected
10:28:41 - EventSH_cellselected
10:28:41 - EventSH_cellselected
10:28:41 - EventSH_cellselected
10:28:41 - EventSH_cellselected
10:28:41 - EventSH_cellselected
10:28:41 - Dir:C:\Program Files (x86)\Arduino\arduino_debug.exe
10:28:41 - Dir:C:\Program Files (x86)\Arduino\arduino_debug.exe
10:28:41 - _last_files:['C:\\Program Files (x86)\\Arduino\\arduino_debug.exe']
10:28:41 - _last_files:['C:\\Program Files (x86)\\Arduino\\arduino_debug.exe']
10:28:41 - Find ARDUINO exe - Individual Filename: C:\Program Files (x86)\Arduino\arduino_debug.exe
10:28:41 - Set_activeworkbook:	ProgGenerator
10:28:41 - Set_activeworkbook:	ProgGenerator
10:28:41 - TabChanged  - .!scrolledframe.!canvas.!frame.!notebook.!prog_generatorpage.!frame.!frame4.!notebook.!frame
10:28:41 - Set_activeworkbook:	ProgGenerator
10:28:41 - Set_activeworkbook:	ProgGenerator
10:28:41 - TabChanged  - .!scrolledframe.!canvas.!frame.!notebook.!prog_generatorpage.!frame.!frame4.!notebook.!frame
10:28:41 - Set_activeworkbook:	ProgGenerator
10:28:41 - Set_activeworkbook:	ProgGenerator
10:28:41 - TabChanged  - .!scrolledframe.!canvas.!frame.!notebook.!prog_generatorpage.!frame.!frame4.!notebook.!frame
10:28:41 - Set_activeworkbook:	ProgGenerator
10:28:41 - Set_activeworkbook:	ProgGenerator
10:28:41 - TabChanged  - .!scrolledframe.!canvas.!frame.!notebook.!prog_generatorpage.!frame.!frame4.!notebook.!frame
10:28:41 - Set_activeworkbook:	ProgGenerator
10:28:41 - Set_activeworkbook:	ProgGenerator
10:28:41 - TabChanged  - .!scrolledframe.!canvas.!frame.!notebook.!prog_generatorpage.!frame.!frame4.!notebook.!frame
10:28:41 - Update_General_Versions
10:28:41 - Update_General_Versions
10:28:41 - Dir:C:\Program Files (x86)\Arduino\arduino_debug.exe
10:28:41 - Dir:C:\Program Files (x86)\Arduino\arduino_debug.exe
10:28:41 - _last_files:['C:\\Program Files (x86)\\Arduino\\arduino_debug.exe']
10:28:41 - _last_files:['C:\\Program Files (x86)\\Arduino\\arduino_debug.exe']
10:28:41 - Find ARDUINO exe - Individual Filename: C:\Program Files (x86)\Arduino\arduino_debug.exe
10:28:41 - Dir:C:\Program Files (x86)\Arduino\arduino_debug.exe
10:28:41 - Dir:C:\Program Files (x86)\Arduino\arduino_debug.exe
10:28:41 - _last_files:['C:\\Program Files (x86)\\Arduino\\arduino_debug.exe']
10:28:41 - _last_files:['C:\\Program Files (x86)\\Arduino\\arduino_debug.exe']
10:28:41 - Find ARDUINO exe - Individual Filename: C:\Program Files (x86)\Arduino\arduino_debug.exe
10:28:41 - Dir:C:\Users\Harold\AppData\Local\Arduino15\packages/arduino/hardware/avr/*.*
10:28:41 - Dir:C:\Users\Harold\AppData\Local\Arduino15\packages/arduino/hardware/avr/*.*
10:28:41 - _last_files:['C:\\Users\\Harold\\AppData\\Local\\Arduino15\\packages/arduino/hardware/avr\\1.8.5']
10:28:41 - _last_files:['C:\\Users\\Harold\\AppData\\Local\\Arduino15\\packages/arduino/hardware/avr\\1.8.5']
10:28:41 - Get_All_Library_States
10:28:41 - Get_All_Library_States
10:28:41 - Read_Sketchbook_Path_from_preference_txt - Name:C:\Users\Harold\AppData\Local\Arduino15\preferences.txt
10:28:41 - Read_Sketchbook_Path_from_preference_txt - Name:C:\Users\Harold\AppData\Local\Arduino15\preferences.txt
10:28:41 - Sketchbookpath=C:\Users\Harold\Documents\Arduino
10:28:41 - Create_Folder:C:\Users\Harold\Documents\Arduino/
10:28:41 - Dir:C:\Users\Harold\Documents\Arduino
10:28:41 - Dir:C:\Users\Harold\Documents\Arduino
10:28:41 - _last_files:['C:\\Users\\Harold\\Documents\\Arduino']
10:28:41 - _last_files:['C:\\Users\\Harold\\Documents\\Arduino']
10:28:41 - Dir:C:\Users\Harold\Documents\Arduino/libraries/MobaLedLib/library.properties
10:28:41 - Dir:C:\Users\Harold\Documents\Arduino/libraries/MobaLedLib/library.properties
10:28:41 - _last_files:['C:\\Users\\Harold\\Documents\\Arduino/libraries/MobaLedLib/library.properties']
10:28:41 - _last_files:['C:\\Users\\Harold\\Documents\\Arduino/libraries/MobaLedLib/library.properties']
10:28:41 - Dir:C:\Users\Harold\Documents\Arduino/libraries/MobaLedLib/library.properties
10:28:41 - Dir:C:\Users\Harold\Documents\Arduino/libraries/MobaLedLib/library.properties
10:28:41 - _last_files:['C:\\Users\\Harold\\Documents\\Arduino/libraries/MobaLedLib/library.properties']
10:28:41 - _last_files:['C:\\Users\\Harold\\Documents\\Arduino/libraries/MobaLedLib/library.properties']
10:28:41 - Dir:C:\Users\Harold\Documents\Arduino/libraries/MobaLedLib/library.properties
10:28:41 - Dir:C:\Users\Harold\Documents\Arduino/libraries/MobaLedLib/library.properties
10:28:41 - _last_files:['C:\\Users\\Harold\\Documents\\Arduino/libraries/MobaLedLib/library.properties']
10:28:41 - _last_files:['C:\\Users\\Harold\\Documents\\Arduino/libraries/MobaLedLib/library.properties']
10:28:41 - Dir:C:\Users\Harold\Documents\Arduino/libraries/FastLED/library.properties
10:28:41 - Dir:C:\Users\Harold\Documents\Arduino/libraries/FastLED/library.properties
10:28:41 - _last_files:['C:\\Users\\Harold\\Documents\\Arduino/libraries/FastLED/library.properties']
10:28:41 - _last_files:['C:\\Users\\Harold\\Documents\\Arduino/libraries/FastLED/library.properties']
10:28:41 - Dir:C:\Users\Harold\Documents\Arduino/libraries/NmraDcc/library.properties
10:28:41 - Dir:C:\Users\Harold\Documents\Arduino/libraries/NmraDcc/library.properties
10:28:41 - _last_files:['C:\\Users\\Harold\\Documents\\Arduino/libraries/NmraDcc/library.properties']
10:28:41 - _last_files:['C:\\Users\\Harold\\Documents\\Arduino/libraries/NmraDcc/library.properties']
10:28:41 - Dir:C:\Users\Harold\Documents\Arduino/libraries/AnalogScanner/library.properties
10:28:41 - Dir:C:\Users\Harold\Documents\Arduino/libraries/AnalogScanner/library.properties
10:28:41 - _last_files: None
10:28:41 - _last_files: None
10:28:41 - Dir:C:\Users\Harold\Documents\Arduino/libraries/ATtinySerialOut/library.properties
10:28:41 - Dir:C:\Users\Harold\Documents\Arduino/libraries/ATtinySerialOut/library.properties
10:28:41 - _last_files:['C:\\Users\\Harold\\Documents\\Arduino/libraries/ATtinySerialOut/library.properties']
10:28:41 - _last_files:['C:\\Users\\Harold\\Documents\\Arduino/libraries/ATtinySerialOut/library.properties']
10:28:41 - Dir:C:\Users\Harold\Documents\Arduino/libraries/DIO2/library.properties
10:28:41 - Dir:C:\Users\Harold\Documents\Arduino/libraries/DIO2/library.properties
10:28:41 - _last_files:['C:\\Users\\Harold\\Documents\\Arduino/libraries/DIO2/library.properties']
10:28:41 - _last_files:['C:\\Users\\Harold\\Documents\\Arduino/libraries/DIO2/library.properties']
10:28:41 - Dir:C:\Users\Harold\Documents\Arduino/libraries/EWMA/library.properties
10:28:41 - Dir:C:\Users\Harold\Documents\Arduino/libraries/EWMA/library.properties
10:28:41 - _last_files:['C:\\Users\\Harold\\Documents\\Arduino/libraries/EWMA/library.properties']
10:28:41 - _last_files:['C:\\Users\\Harold\\Documents\\Arduino/libraries/EWMA/library.properties']
10:28:41 - Dir:C:\Users\Harold\Documents\Arduino/libraries/MobaTools/library.properties
10:28:41 - Dir:C:\Users\Harold\Documents\Arduino/libraries/MobaTools/library.properties
10:28:41 - _last_files:['C:\\Users\\Harold\\Documents\\Arduino/libraries/MobaTools/library.properties']
10:28:41 - _last_files:['C:\\Users\\Harold\\Documents\\Arduino/libraries/MobaTools/library.properties']
10:28:41 - Dir:C:\Users\Harold\Documents\Arduino/libraries/TimerOne/library.properties
10:28:41 - Dir:C:\Users\Harold\Documents\Arduino/libraries/TimerOne/library.properties
10:28:41 - _last_files:['C:\\Users\\Harold\\Documents\\Arduino/libraries/TimerOne/library.properties']
10:28:41 - _last_files:['C:\\Users\\Harold\\Documents\\Arduino/libraries/TimerOne/library.properties']
10:28:41 - Checkplatform: Current platform=Windows- Checked Platform=Windows
10:28:41 - Dir:C:\Users\Harold\AppData\Local\Arduino15\packages/ATTinyCore/hardware/avr/*.*
10:28:41 - Dir:C:\Users\Harold\AppData\Local\Arduino15\packages/ATTinyCore/hardware/avr/*.*
10:28:41 - _last_files:['C:\\Users\\Harold\\AppData\\Local\\Arduino15\\packages/ATTinyCore/hardware/avr\\1.5.2']
10:28:41 - _last_files:['C:\\Users\\Harold\\AppData\\Local\\Arduino15\\packages/ATTinyCore/hardware/avr\\1.5.2']
10:28:41 - _last_files: None
10:28:41 - _last_files: None
10:28:41 - Dir:C:\Users\Harold\AppData\Local\Arduino15\packages/ATTinyCore/hardware/avr/1.5.2/libraries/ATTinyCore/src/ATTinyCore.h
10:28:41 - Dir:C:\Users\Harold\AppData\Local\Arduino15\packages/ATTinyCore/hardware/avr/1.5.2/libraries/ATTinyCore/src/ATTinyCore.h
10:28:41 - _last_files:['C:\\Users\\Harold\\AppData\\Local\\Arduino15\\packages/ATTinyCore/hardware/avr/1.5.2/libraries/ATTinyCore/src/ATTinyCore.h']
10:28:41 - _last_files:['C:\\Users\\Harold\\AppData\\Local\\Arduino15\\packages/ATTinyCore/hardware/avr/1.5.2/libraries/ATTinyCore/src/ATTinyCore.h']
10:28:41 - Dir:C:\Program Files (x86)\Arduino\arduino_debug.exe
10:28:41 - Dir:C:\Program Files (x86)\Arduino\arduino_debug.exe
10:28:41 - _last_files:['C:\\Program Files (x86)\\Arduino\\arduino_debug.exe']
10:28:41 - _last_files:['C:\\Program Files (x86)\\Arduino\\arduino_debug.exe']
10:28:41 - Find ARDUINO exe - Individual Filename: C:\Program Files (x86)\Arduino\arduino_debug.exe
10:28:41 - Dir:C:\Users\Harold\AppData\Local\Arduino15\packages/arduino/hardware/avr/*.*
10:28:41 - Dir:C:\Users\Harold\AppData\Local\Arduino15\packages/arduino/hardware/avr/*.*
10:28:41 - _last_files:['C:\\Users\\Harold\\AppData\\Local\\Arduino15\\packages/arduino/hardware/avr\\1.8.5']
10:28:41 - _last_files:['C:\\Users\\Harold\\AppData\\Local\\Arduino15\\packages/arduino/hardware/avr\\1.8.5']
10:28:41 - Checkplatform: Current platform=Windows- Checked Platform=Windows
10:28:41 - Dir:C:\Users\Harold\AppData\Local\Arduino15\packages/esp32/hardware/esp32/*.*
10:28:41 - Dir:C:\Users\Harold\AppData\Local\Arduino15\packages/esp32/hardware/esp32/*.*
10:28:41 - _last_files:['C:\\Users\\Harold\\AppData\\Local\\Arduino15\\packages/esp32/hardware/esp32\\1.0.4']
10:28:41 - _last_files:['C:\\Users\\Harold\\AppData\\Local\\Arduino15\\packages/esp32/hardware/esp32\\1.0.4']
10:28:41 - _last_files: None
10:28:41 - _last_files: None
10:28:41 - Dir:C:\Users\Harold\AppData\Local\Arduino15\packages/esp32/hardware/esp32/1.0.4/libraries/ESP32/src/dummy.h
10:28:41 - Dir:C:\Users\Harold\AppData\Local\Arduino15\packages/esp32/hardware/esp32/1.0.4/libraries/ESP32/src/dummy.h
10:28:41 - _last_files:['C:\\Users\\Harold\\AppData\\Local\\Arduino15\\packages/esp32/hardware/esp32/1.0.4/libraries/ESP32/src/dummy.h']
10:28:41 - _last_files:['C:\\Users\\Harold\\AppData\\Local\\Arduino15\\packages/esp32/hardware/esp32/1.0.4/libraries/ESP32/src/dummy.h']
10:28:41 - Checkplatform: Current platform=Windows- Checked Platform=Windows
10:28:41 - Dir:C:\Users\Harold\AppData\Local\Arduino15\packages/esp32/tools\esptool_py/*.*
10:28:41 - Dir:C:\Users\Harold\AppData\Local\Arduino15\packages/esp32/tools\esptool_py/*.*
10:28:41 - _last_files:['C:\\Users\\Harold\\AppData\\Local\\Arduino15\\packages/esp32/tools\\esptool_py\\2.6.1']
10:28:41 - _last_files:['C:\\Users\\Harold\\AppData\\Local\\Arduino15\\packages/esp32/tools\\esptool_py\\2.6.1']
10:28:41 - _last_files: None
10:28:41 - _last_files: None
10:28:41 - Dir:C:\Users\Harold\AppData\Local\Arduino15\packages/esp32/tools\esptool_py/2.6.1/esptool.exe
10:28:41 - Dir:C:\Users\Harold\AppData\Local\Arduino15\packages/esp32/tools\esptool_py/2.6.1/esptool.exe
10:28:41 - _last_files:['C:\\Users\\Harold\\AppData\\Local\\Arduino15\\packages/esp32/tools\\esptool_py/2.6.1/esptool.exe']
10:28:41 - _last_files:['C:\\Users\\Harold\\AppData\\Local\\Arduino15\\packages/esp32/tools\\esptool_py/2.6.1/esptool.exe']
10:28:41 - Dir:C:\Users\Harold\Documents\Arduino/libraries/U8g2/library.properties
10:28:41 - Dir:C:\Users\Harold\Documents\Arduino/libraries/U8g2/library.properties
10:28:41 - _last_files:['C:\\Users\\Harold\\Documents\\Arduino/libraries/U8g2/library.properties']
10:28:41 - _last_files:['C:\\Users\\Harold\\Documents\\Arduino/libraries/U8g2/library.properties']
10:28:41 - Dir:C:\Users\Harold\Documents\Arduino/libraries/EspSoftwareSerial/library.properties
10:28:41 - Dir:C:\Users\Harold\Documents\Arduino/libraries/EspSoftwareSerial/library.properties
10:28:41 - _last_files:['C:\\Users\\Harold\\Documents\\Arduino/libraries/EspSoftwareSerial/library.properties']
10:28:41 - _last_files:['C:\\Users\\Harold\\Documents\\Arduino/libraries/EspSoftwareSerial/library.properties']
10:28:41 - Checkplatform: Current platform=Windows- Checked Platform=Windows
10:28:41 - Dir:C:\Users\Harold\AppData\Local\Arduino15\packages/rp2040/hardware/rp2040/*.*
10:28:41 - Dir:C:\Users\Harold\AppData\Local\Arduino15\packages/rp2040/hardware/rp2040/*.*
10:28:41 - _last_files: None
10:28:41 - _last_files: None
10:28:42 - Get_Sketchbook_Path called
10:28:42 - Get_Sketchbook_Path called
10:28:42 - Get_Sketchbook_Path=C:\Users\Harold\Documents\Arduino
10:28:42 - Get_SrcDirInLib=C:\Users\Harold\Documents\Arduino/libraries/MobaLedLib/extras/
10:28:42 - *** Translation not found for:Alle|
Einblenden
10:28:42 - *** Translation not found for:Alle|
Einblenden
10:28:42 - *** Translation not found for:Hilfe
10:28:42 - *** Translation not found for:Hilfe
10:28:42 - set_statusmessage: Erstelle PatternConfigurator Seite ...
10:28:42 - set_statusmessage: Erstelle Workbook: PatternWorkbook
10:28:42 - set_statusmessage: Erstelle WorkSheet: Main
10:28:42 - Import CSV_int: Filename=D:\data\doc\GitHub\pyMobaLedLib\python\csv\PA_Main.csv
10:28:42 - set_statusmessage: Erstelle WorkSheet: PG-Temp
10:28:42 - Import CSV_int: Filename=D:\data\doc\GitHub\pyMobaLedLib\python\csv\PA_Main.csv
10:28:42 - set_statusmessage: Erstelle WorkSheet: Languages
10:28:42 - Import CSV_int: Filename=D:\data\doc\GitHub\pyMobaLedLib\python\csv\PA_Languages.csv
10:28:42 - set_statusmessage: Erstelle WorkSheet: Goto_Activation_Entries
10:28:42 - Import CSV_int: Filename=D:\data\doc\GitHub\pyMobaLedLib\python\csv\PA_Goto_Activation_Entries.csv
10:28:42 - set_statusmessage: Erstelle WorkSheet: Special_Mode_Dlg
10:28:42 - Import CSV_int: Filename=D:\data\doc\GitHub\pyMobaLedLib\python\csv\PA_Special_Mode_Dlg.csv
10:28:42 - set_statusmessage: Erstelle WorkSheet: Par_Description
10:28:43 - Import CSV_int: Filename=D:\data\doc\GitHub\pyMobaLedLib\python\csv\PA_Par_Description.csv
10:28:43 - set_statusmessage: Erstelle WorkSheet: Named_Ranges
10:28:43 - Import CSV_int: Filename=D:\data\doc\GitHub\pyMobaLedLib\python\csv\PA_Named_Ranges.csv
10:28:43 - Set_activeworkbook:	PatternWorkbook
10:28:43 - Set_activeworkbook:	PatternWorkbook
10:28:43 - Set_activeworkbook:	PatternWorkbook
10:28:43 - Set_activeworkbook:	PatternWorkbook
10:28:43 - Warning: Config File D:\data\doc\GitHub\pyMobaLedLib\python\../temp_workbook.table_PatternWorkbook.json not found
10:28:43 - Load Workbook:D:\data\doc\GitHub\pyMobaLedLib\python\../temp_workbook.table_PatternWorkbook.json
10:28:43 - FileVersion:000
10:28:43 - set_statusmessage: Init Workbook: PatternWorkbook
10:28:43 - set_statusmessage: Init Workbook: PatternWorkbook Sheet: Main
10:28:43 - add_controls
10:28:43 - add_controls:{'Name': 'RGB_LED_CheckBox', 'AlternativeText': 'Add_Del_Button', 'BackColor': '#FFFFFF', 'BorderColor': '#000012', 'Caption': '', 'Height': 14, 'Left': None, 'Col': 5, 'Top': None, 'Row': 48, 'Type': 'FormWindow', 'Visible': True, 'Width': 140, 'Components': [{'Name': 'Add_Col', 'Accelerator': '', 'BackColor': '#00000F', 'BorderColor': '#000006', 'BorderStyle': 'fmBorderStyleNone', 'Caption': '+', 'Command': 'Add_Col_Button_Click', 'ControlTipText': '', 'ForeColor': '#000012', 'Height': 12, 'Left': 0, 'Top': 1, 'Type': 'CommandButton', 'Visible': True, 'Width': 12, 'AlternativeText': 'Add_Del_Button'}, {'Name': 'Del_Button', 'Accelerator': '', 'BackColor': '#00000F', 'BorderColor': '#000006', 'BorderStyle': 'fmBorderStyleNone', 'Caption': '-', 'Command': 'Del_Col_Button_Click', 'ControlTipText': '', 'ForeColor': '#000012', 'Height': 12, 'Left': 14, 'Top': 1, 'Type': 'CommandButton', 'Visible': True, 'Width': 12, 'AlternativeText': 'Add_Del_Button'}, {'Name': 'RGB_LED_CheckBox', 'Accelerator': '', 'BackColor': '#00000F', 'BorderColor': '#000006', 'BorderStyle': 'fmBorderStyleNone', 'Persistent': True, 'Caption': 'RGB LED', 'ControlTipText': '', 'ForeColor': '#000012', 'Height': 12, 'Left': 28, 'Top': 1, 'Type': 'CheckBox', 'Visible': True, 'Width': 100, 'AlternativeText': 'Add_Del_Button'}]}
10:28:43 - add_controls:{'Name': 'Options_Button', 'BackColor': '#FFFFFF', 'BorderColor': '#000012', 'Caption': '', 'Height': '50', 'Left': None, 'Col': 1, 'Top': None, 'Row': 1, 'Type': 'FormWindow', 'Visible': True, 'Width': '50', 'Components': [{'Name': 'Options', 'Accelerator': '', 'BackColor': '#00000F', 'BorderColor': '#000006', 'BorderStyle': 'fmBorderStyleNone', 'IconName': 'Btn_PA_Options.png', 'Caption': 'Options', 'Command': 'M02.Main_Menu', 'ControlTipText': 'Optionen', 'ForeColor': '#000012', 'Height': '50', 'Left': 0, 'Top': 0, 'Type': 'CommandButton', 'Visible': True, 'Width': '50'}]}
10:28:43 - add_controls:{'Name': 'Import', 'BackColor': '#FFFFFF', 'BorderColor': '#000012', 'Caption': '', 'Height': '2.7c', 'Left': None, 'Col': 2, 'Top': None, 'Row': 23, 'Type': 'FormWindow', 'Visible': True, 'Width': '2c', 'Components': [{'Name': 'Import', 'Accelerator': '', 'BackColor': '#00000F', 'BorderColor': '#000006', 'BorderStyle': 'fmBorderStyleNone', 'IconName': 'Btn_PA_Import_from_Prog_Gen.png', 'Caption': 'Import from ProgGen', 'Command': 'PAT09.Import_from_ProgGen_Button_Click', 'ControlTipText': 'Optionen', 'ForeColor': '#000012', 'Height': '2.7c', 'Left': 0, 'Top': 0, 'Type': 'CommandButton', 'Visible': True, 'Width': '2c'}]}
10:28:43 - add_controls:{'Name': 'Export', 'BackColor': '#FFFFFF', 'BorderColor': '#000012', 'Caption': '', 'Height': '2.7c', 'Left': None, 'Col': 2, 'Top': None, 'Row': 49, 'Type': 'FormWindow', 'Visible': True, 'Width': '2c', 'Components': [{'Name': 'Export', 'Accelerator': '', 'BackColor': '#00000F', 'BorderColor': '#000006', 'BorderStyle': 'fmBorderStyleNone', 'IconName': 'Btn_PA_Prog_Gen.png', 'Caption': 'Export zu ProgGen', 'Command': 'PAT09.Prog_Generator_Button_Click', 'ControlTipText': 'Export zu ProgGen', 'ForeColor': '#000012', 'Height': '2.7c', 'Left': 0, 'Top': 0, 'Type': 'CommandButton', 'Visible': True, 'Width': '2c'}]}
10:28:43 - add_controls:{'Name': 'Insert', 'BackColor': '#FFFFFF', 'BorderColor': '#000012', 'Caption': '', 'Height': '2.7c', 'Left': None, 'Col': 2, 'Top': None, 'Row': 56, 'Type': 'FormWindow', 'Visible': True, 'Width': '2c', 'Components': [{'Name': 'Insert', 'Accelerator': '', 'BackColor': '#00000F', 'BorderColor': '#000006', 'BorderStyle': 'fmBorderStyleNone', 'IconName': 'Btn_PA_insert_image.png', 'Caption': 'Bild einfügen', 'Command': 'PAT09.InsertPicture_Button_Click', 'ControlTipText': 'Bild einfügen', 'ForeColor': '#000012', 'Height': '2.7c', 'Left': 0, 'Top': 0, 'Type': 'CommandButton', 'Visible': True, 'Width': '2c'}]}
10:28:43 - add_controls:{'Name': 'Test_Leds_M99O01', 'BackColor': '#FFFFFF', 'BorderColor': '#000012', 'Caption': '', 'Height': 24, 'Left': None, 'Col': 9, 'Top': None, 'Row': 14, 'Type': 'FormWindow', 'Visible': True, 'Width': 74, 'Components': [{'Name': 'Test_Leds_M99O01', 'Accelerator': '', 'BackColor': '#00000F', 'BorderColor': '#000006', 'BorderStyle': 'fmBorderStyleNone', 'IconName': '', 'Caption': 'Test Pattern', 'Command': 'button_testen_cmd', 'ControlTipText': 'Pattern Testen', 'ForeColor': '#000012', 'Height': 20, 'Left': 2, 'Top': 2, 'Type': 'CommandButton', 'Visible': True, 'Width': 70}]}
10:28:43 - add_controls:{'Name': 'ReCalc', 'BackColor': '#FFFFFF', 'BorderColor': '#000012', 'Caption': '', 'Height': 24, 'Left': None, 'Col': 6, 'Top': None, 'Row': 14, 'Type': 'FormWindow', 'Visible': True, 'Width': 74, 'Components': [{'Name': 'ReCalc', 'Accelerator': '', 'BackColor': '#00000F', 'BorderColor': '#000006', 'BorderStyle': 'fmBorderStyleNone', 'IconName': '', 'Caption': 'Aktualisieren', 'Command': 'button_aktualisieren_cmd', 'ControlTipText': 'Grafik aktualisieren und Neuberechnen', 'ForeColor': '#000012', 'Height': 20, 'Left': 2, 'Top': 2, 'Type': 'CommandButton', 'Visible': True, 'Width': 70}]}
10:28:43 - add_controls:{'Name': 'New_Sheet', 'BackColor': '#FFFFFF', 'BorderColor': '#000012', 'Caption': '', 'Height': 24, 'Left': None, 'Col': 6, 'Top': None, 'Row': 1, 'Type': 'FormWindow', 'Visible': True, 'Width': 74, 'Components': [{'Name': 'New_Sheet', 'Accelerator': '', 'BackColor': '#00000F', 'BorderColor': '#000006', 'BorderStyle': 'fmBorderStyleNone', 'IconName': '', 'Caption': 'Neues Blatt', 'Command': 'button_newsheet_cmd', 'ControlTipText': 'Ein neues Blatt hinzufügen', 'ForeColor': '#000012', 'Height': 20, 'Left': 2, 'Top': 2, 'Type': 'CommandButton', 'Visible': True, 'Width': 70}]}
10:28:43 - add_controls:{'Name': 'TextBox1', 'BackColor': '#FFFFFF', 'BorderColor': '#000012', 'Caption': '', 'Height': 148, 'Left': None, 'Col': 12, 'Top': None, 'Row': 1, 'Type': 'FormWindow', 'Visible': True, 'Width': 600, 'Components': [{'Name': 'Text_Box1', 'BackColor': '#00000F', 'Caption': "Mit diesem Blatt kann die Konfiguration eines LED Musters erstellt werden.\nDie Gelb hinterlegten Felder und die Tabellen können verändert werden.\nDie Spalten der Tabelle beschreiben einen Abschnitt des Musters welches für eine bestimmte Zeit angezeigt wird. Die Dauer wird in der ersten Tabelle eingetragen.Die Zeiten können in Minuten ('Min') oder Sekunden ('Sec'= angegeben werden. Wird keine Einheit angegeben dann ist die Zeitangabe in Millisekunden ('ms').\nAchtung zwischen Zahl und Einheit muss ein Leerzeichen stehen und die Groß- und Kleinschreibung muss exakt stimmen. Wenn Spalten die gleiche Anzeigedauer haben, dann sollte die Zeit nur in den ersten Spalten angegeben werden zur Minimierung des Speicherverbrauchs. Die Folgenden Zeilen können als Formel Angegeben werden damit man sieht wie lange der Abschnitt dauert. Im Beispiel unten ist das bei den Spalten 4 bis 8 gemacht.\nIn der zweiten Tabelle wird mit einem x markiert welche LED in dem Abschnitt leuchten soll. Wenn mehrere Helligkeiststufen benutzt werden, dann wird die Helligkeit als Zahl eingetragen. Die Anzahl der Abschnitte wird automatisch anhand der eingetragenen Markierungen bestimmt. Wenn am Ende leere Abschnitte verwendet werden sollen, dann muss in die letzte Spalte ein Punkt eingefügt werden.", 'ForeColor': '#000012', 'Height': 148, 'Left': 0, 'Top': 0, 'Type': 'TextBox', 'Visible': True, 'Width': 600}]}
10:28:46 - *** Translation not found for:RGB LED
10:28:46 - *** Translation not found for:RGB LED
10:28:46 - *** Translation not found for:Options
10:28:46 - *** Translation not found for:Options
10:28:46 - *** Translation not found for:Import from ProgGen
10:28:46 - *** Translation not found for:Import from ProgGen
10:28:46 - *** Translation not found for:Export zu ProgGen
10:28:46 - *** Translation not found for:Export zu ProgGen
10:28:46 - *** Translation not found for:Bild einfügen
10:28:46 - *** Translation not found for:Bild einfügen
10:28:46 - *** Translation not found for:Mit diesem Blatt kann die Konfiguration eines LED Musters erstellt werden.
Die Gelb hinterlegten Felder und die Tabellen können verändert werden.
Die Spalten der Tabelle beschreiben einen Abschnitt des Musters welches für eine bestimmte Zeit angezeigt wird. Die Dauer wird in der ersten Tabelle eingetragen.Die Zeiten können in Minuten ('Min') oder Sekunden ('Sec'= angegeben werden. Wird keine Einheit angegeben dann ist die Zeitangabe in Millisekunden ('ms').
Achtung zwischen Zahl und Einheit muss ein Leerzeichen stehen und die Groß- und Kleinschreibung muss exakt stimmen. Wenn Spalten die gleiche Anzeigedauer haben, dann sollte die Zeit nur in den ersten Spalten angegeben werden zur Minimierung des Speicherverbrauchs. Die Folgenden Zeilen können als Formel Angegeben werden damit man sieht wie lange der Abschnitt dauert. Im Beispiel unten ist das bei den Spalten 4 bis 8 gemacht.
In der zweiten Tabelle wird mit einem x markiert welche LED in dem Abschnitt leuchten soll. Wenn mehrere Helligkeiststufen benutzt werden, dann wird die Helligkeit als Zahl eingetragen. Die Anzahl der Abschnitte wird automatisch anhand der eingetragenen Markierungen bestimmt. Wenn am Ende leere Abschnitte verwendet werden sollen, dann muss in die letzte Spalte ein Punkt eingefügt werden.
10:28:46 - *** Translation not found for:Mit diesem Blatt kann die Konfiguration eines LED Musters erstellt werden.
Die Gelb hinterlegten Felder und die Tabellen können verändert werden.
Die Spalten der Tabelle beschreiben einen Abschnitt des Musters welches für eine bestimmte Zeit angezeigt wird. Die Dauer wird in der ersten Tabelle eingetragen.Die Zeiten können in Minuten ('Min') oder Sekunden ('Sec'= angegeben werden. Wird keine Einheit angegeben dann ist die Zeitangabe in Millisekunden ('ms').
Achtung zwischen Zahl und Einheit muss ein Leerzeichen stehen und die Groß- und Kleinschreibung muss exakt stimmen. Wenn Spalten die gleiche Anzeigedauer haben, dann sollte die Zeit nur in den ersten Spalten angegeben werden zur Minimierung des Speicherverbrauchs. Die Folgenden Zeilen können als Formel Angegeben werden damit man sieht wie lange der Abschnitt dauert. Im Beispiel unten ist das bei den Spalten 4 bis 8 gemacht.
In der zweiten Tabelle wird mit einem x markiert welche LED in dem Abschnitt leuchten soll. Wenn mehrere Helligkeiststufen benutzt werden, dann wird die Helligkeit als Zahl eingetragen. Die Anzahl der Abschnitte wird automatisch anhand der eingetragenen Markierungen bestimmt. Wenn am Ende leere Abschnitte verwendet werden sollen, dann muss in die letzte Spalte ein Punkt eingefügt werden.
10:28:46 - set_statusmessage: Init Workbook: PatternWorkbook Sheet: PG-Temp
10:28:46 - add_controls
10:28:46 - add_controls:{'Name': 'RGB_LED_CheckBox', 'AlternativeText': 'Add_Del_Button', 'BackColor': '#FFFFFF', 'BorderColor': '#000012', 'Caption': '', 'Height': 12, 'Left': None, 'Col': 5, 'Top': None, 'Row': 48, 'Type': 'FormWindow', 'Visible': True, 'Width': 100, 'Components': [{'Name': 'Add_Col', 'Accelerator': '', 'BackColor': '#00000F', 'BorderColor': '#000006', 'BorderStyle': 'fmBorderStyleNone', 'Caption': '+', 'Command': 'Add_Col_Button_Click', 'ControlTipText': '', 'ForeColor': '#000012', 'Height': 12, 'Left': 0, 'Top': 1, 'Type': 'CommandButton', 'Visible': True, 'Width': 12, 'AlternativeText': 'Add_Del_Button'}, {'Name': 'Del_Button', 'Accelerator': '', 'BackColor': '#00000F', 'BorderColor': '#000006', 'BorderStyle': 'fmBorderStyleNone', 'Caption': '-', 'Command': 'Del_Col_Button_Click', 'ControlTipText': '', 'ForeColor': '#000012', 'Height': 12, 'Left': 14, 'Top': 1, 'Type': 'CommandButton', 'Visible': True, 'Width': 12, 'AlternativeText': 'Add_Del_Button'}, {'Name': 'RGB_LED_CheckBox', 'Accelerator': '', 'BackColor': '#00000F', 'BorderColor': '#000006', 'BorderStyle': 'fmBorderStyleNone', 'Persistent': True, 'Caption': 'RGB LED', 'ControlTipText': '', 'ForeColor': '#000012', 'Height': 12, 'Left': 28, 'Top': 1, 'Type': 'CheckBox', 'Visible': True, 'Width': 60, 'AlternativeText': 'Add_Del_Button'}]}
10:28:46 - add_controls:{'Name': 'Export', 'BackColor': '#FFFFFF', 'BorderColor': '#000012', 'Caption': '', 'Height': '2.7c', 'Left': None, 'Col': 2, 'Top': None, 'Row': 49, 'Type': 'FormWindow', 'Visible': True, 'Width': '2c', 'Components': [{'Name': 'Export', 'Accelerator': '', 'BackColor': '#00000F', 'BorderColor': '#000006', 'BorderStyle': 'fmBorderStyleNone', 'IconName': 'Btn_PA_Prog_Gen.png', 'Caption': 'Zurück zum ProgrammGenerator', 'Command': 'PAT09.Prog_Generator_Button_Click', 'ControlTipText': 'Zurück zum ProgrammGenerator', 'ForeColor': '#000012', 'Height': '2.7c', 'Left': 0, 'Top': 0, 'Type': 'CommandButton', 'Visible': True, 'Width': '2c'}]}
10:28:46 - add_controls:{'Name': 'Test_Leds_M99O01', 'BackColor': '#FFFFFF', 'BorderColor': '#000012', 'Caption': '', 'Height': 24, 'Left': None, 'Col': 9, 'Top': None, 'Row': 14, 'Type': 'FormWindow', 'Visible': True, 'Width': 74, 'Components': [{'Name': 'Test_Leds_M99O01', 'Accelerator': '', 'BackColor': '#00000F', 'BorderColor': '#000006', 'BorderStyle': 'fmBorderStyleNone', 'IconName': '', 'Caption': 'Test Pattern', 'Command': 'button_testen_cmd', 'ControlTipText': 'Pattern Testen', 'ForeColor': '#000012', 'Height': 20, 'Left': 2, 'Top': 2, 'Type': 'CommandButton', 'Visible': True, 'Width': 70}]}
10:28:46 - add_controls:{'Name': 'ReCalc', 'BackColor': '#FFFFFF', 'BorderColor': '#000012', 'Caption': '', 'Height': 24, 'Left': None, 'Col': 6, 'Top': None, 'Row': 14, 'Type': 'FormWindow', 'Visible': True, 'Width': 74, 'Components': [{'Name': 'ReCalc', 'Accelerator': '', 'BackColor': '#00000F', 'BorderColor': '#000006', 'BorderStyle': 'fmBorderStyleNone', 'IconName': '', 'Caption': 'Aktualisieren', 'Command': 'button_aktualisieren_cmd', 'ControlTipText': 'Grafik aktualisieren und Neuberechnen', 'ForeColor': '#000012', 'Height': 20, 'Left': 2, 'Top': 2, 'Type': 'CommandButton', 'Visible': True, 'Width': 70}]}
10:28:46 - add_controls:{'Name': 'TextBox1', 'BackColor': '#FFFFFF', 'BorderColor': '#000012', 'Caption': '', 'Height': 148, 'Left': None, 'Col': 12, 'Top': None, 'Row': 1, 'Type': 'FormWindow', 'Visible': True, 'Width': 600, 'Components': [{'Name': 'Text_Box1', 'BackColor': '#00000F', 'Caption': "Mit diesem Blatt kann die Konfiguration eines LED Musters, übernommen vom Programm-Generator, bearbeitet werden.\nDie Gelb hinterlegten Felder und die Tabellen können verändert werden.\nDie Spalten der Tabelle beschreiben einen Abschnitt des Musters welches für eine bestimmte Zeit angezeigt wird. Die Dauer wird in der ersten Tabelle eingetragen.Die Zeiten können in Minuten ('Min') oder Sekunden ('Sec'= angegeben werden. Wird keine Einheit angegeben dann ist die Zeitangabe in Millisekunden ('ms').\nAchtung zwischen Zahl und Einheit muss ein Leerzeichen stehen und die Groß- und Kleinschreibung muss exakt stimmen. Wenn Spalten die gleiche Anzeigedauer haben, dann sollte die Zeit nur in den ersten Spalten angegeben werden zur Minimierung des Speicherverbrauchs. Die Folgenden Zeilen können als Formel Angegeben werden damit man sieht wie lange der Abschnitt dauert. Im Beispiel unten ist das bei den Spalten 4 bis 8 gemacht.\nIn der zweiten Tabelle wird mit einem x markiert welche LED in dem Abschnitt leuchten soll. Wenn mehrere Helligkeiststufen benutzt werden, dann wird die Helligkeit als Zahl eingetragen. Die Anzahl der Abschnitte wird automatisch anhand der eingetragenen Markierungen bestimmt. Wenn am Ende leere Abschnitte verwendet werden sollen, dann muss in die letzte Spalte ein Punkt eingefügt werden.\nZurück zum ProgrammGenerator gelangt man mit dem -ProgrammGenerator-Button. Die Änderungen werden dann automatisch übernomen.", 'ForeColor': '#000012', 'Height': 148, 'Left': 0, 'Top': 0, 'Type': 'TextBox', 'Visible': True, 'Width': 600}]}
10:28:46 - *** Translation not found for:RGB LED
10:28:46 - *** Translation not found for:RGB LED
10:28:46 - *** Translation not found for:Zurück zum ProgrammGenerator
10:28:46 - *** Translation not found for:Zurück zum ProgrammGenerator
10:28:46 - *** Translation not found for:Mit diesem Blatt kann die Konfiguration eines LED Musters, übernommen vom Programm-Generator, bearbeitet werden.
Die Gelb hinterlegten Felder und die Tabellen können verändert werden.
Die Spalten der Tabelle beschreiben einen Abschnitt des Musters welches für eine bestimmte Zeit angezeigt wird. Die Dauer wird in der ersten Tabelle eingetragen.Die Zeiten können in Minuten ('Min') oder Sekunden ('Sec'= angegeben werden. Wird keine Einheit angegeben dann ist die Zeitangabe in Millisekunden ('ms').
Achtung zwischen Zahl und Einheit muss ein Leerzeichen stehen und die Groß- und Kleinschreibung muss exakt stimmen. Wenn Spalten die gleiche Anzeigedauer haben, dann sollte die Zeit nur in den ersten Spalten angegeben werden zur Minimierung des Speicherverbrauchs. Die Folgenden Zeilen können als Formel Angegeben werden damit man sieht wie lange der Abschnitt dauert. Im Beispiel unten ist das bei den Spalten 4 bis 8 gemacht.
In der zweiten Tabelle wird mit einem x markiert welche LED in dem Abschnitt leuchten soll. Wenn mehrere Helligkeiststufen benutzt werden, dann wird die Helligkeit als Zahl eingetragen. Die Anzahl der Abschnitte wird automatisch anhand der eingetragenen Markierungen bestimmt. Wenn am Ende leere Abschnitte verwendet werden sollen, dann muss in die letzte Spalte ein Punkt eingefügt werden.
Zurück zum ProgrammGenerator gelangt man mit dem -ProgrammGenerator-Button. Die Änderungen werden dann automatisch übernomen.
10:28:46 - *** Translation not found for:Mit diesem Blatt kann die Konfiguration eines LED Musters, übernommen vom Programm-Generator, bearbeitet werden.
Die Gelb hinterlegten Felder und die Tabellen können verändert werden.
Die Spalten der Tabelle beschreiben einen Abschnitt des Musters welches für eine bestimmte Zeit angezeigt wird. Die Dauer wird in der ersten Tabelle eingetragen.Die Zeiten können in Minuten ('Min') oder Sekunden ('Sec'= angegeben werden. Wird keine Einheit angegeben dann ist die Zeitangabe in Millisekunden ('ms').
Achtung zwischen Zahl und Einheit muss ein Leerzeichen stehen und die Groß- und Kleinschreibung muss exakt stimmen. Wenn Spalten die gleiche Anzeigedauer haben, dann sollte die Zeit nur in den ersten Spalten angegeben werden zur Minimierung des Speicherverbrauchs. Die Folgenden Zeilen können als Formel Angegeben werden damit man sieht wie lange der Abschnitt dauert. Im Beispiel unten ist das bei den Spalten 4 bis 8 gemacht.
In der zweiten Tabelle wird mit einem x markiert welche LED in dem Abschnitt leuchten soll. Wenn mehrere Helligkeiststufen benutzt werden, dann wird die Helligkeit als Zahl eingetragen. Die Anzahl der Abschnitte wird automatisch anhand der eingetragenen Markierungen bestimmt. Wenn am Ende leere Abschnitte verwendet werden sollen, dann muss in die letzte Spalte ein Punkt eingefügt werden.
Zurück zum ProgrammGenerator gelangt man mit dem -ProgrammGenerator-Button. Die Änderungen werden dann automatisch übernomen.
10:28:46 - set_statusmessage: Init Workbook: PatternWorkbook Sheet: Languages
10:28:46 - set_statusmessage: Init Workbook: PatternWorkbook Sheet: Goto_Activation_Entries
10:28:46 - set_statusmessage: Init Workbook: PatternWorkbook Sheet: Special_Mode_Dlg
10:28:46 - set_statusmessage: Init Workbook: PatternWorkbook Sheet: Par_Description
10:28:46 - set_statusmessage: Init Workbook: PatternWorkbook Sheet: Named_Ranges
10:28:46 - Set_activeworkbook:	PatternWorkbook
10:28:46 - Set_activeworkbook:	PatternWorkbook
10:28:46 - Starting Workbook_Open() in 'DieseArbeitsmappe'
10:28:46 - Starting Workbook_Open() in 'DieseArbeitsmappe'
10:28:46 - Set_activeworkbook:	PatternWorkbook
10:28:46 - Set_activeworkbook:	PatternWorkbook
10:28:46 - Set_activeworkbook:	PatternWorkbook
10:28:46 - Set_activeworkbook:	PatternWorkbook
10:28:46 - Colorcorrection:1.0
10:28:46 - SoundCheckPage - Multipleparams
10:28:46 - ConfigurationPage - Multipleparams
10:28:46 - ConfigurationPage - Multipleparams
10:28:46 - ConfigurationPage - Multipleparams
10:28:46 - ConfigurationPage - Multipleparams
10:28:46 - Set_activeworkbook:	PatternWorkbook
10:28:46 - Set_activeworkbook:	PatternWorkbook
10:28:46 - TabChanged  - .!scrolledframe.!canvas.!frame.!notebook.!pattern_generatorpage.!frame.!frame3.!notebook.!frame
10:28:47 - TK-Version:8.6.13
10:28:47 - Portname: COM5
10:28:47 - Checkplatform: Current platform=Windows- Checked Platform=Darwin
10:28:47 - connect COM5
10:28:47 - set_connectstatusmessage: Versuch sich mit dem ARDUINO am Port COM5 zu verbinden ...
10:28:47 - connected to: COM5 Baudrate: 115200
10:28:47 - Message send to ARDUINO: #?

10:28:47 - send #?
10:28:49 - b'LEDs_AutoProg Ver 1: 04.24.24 10:07\r\n'
10:28:49 - Connect message: LEDs_AutoProg Ver 1: 04.24.24 10:07

10:28:49 - Message send to ARDUINO: #X

10:28:49 - SerialMonitorPage: start_process_serial
10:28:51 - SerialThread started:
10:28:51 - set_connectstatusmessage: Verbunden mit COM5 - EFFECT Mode
10:28:51 - set_ARDUINOmessage 10:28:51  >> #?

10:28:51 -  COM5 added to Z21 list
10:28:51 - set_connectstatusmessage: Verbunden mit COM5 - EFFECT Mode
10:28:51 - set_ARDUINOmessage 10:28:51  LEDs_AutoProg Ver 1: 04.24.24 10:07

10:28:51 - set_ARDUINOmessage 10:28:51  >> #X

10:28:53 - readline from ARDUINO:b''()
10:28:55 - readline from ARDUINO:b''()
10:28:57 - readline from ARDUINO:b''()
10:28:59 - readline from ARDUINO:b''()
10:29:01 - readline from ARDUINO:b''()
10:29:03 - readline from ARDUINO:b''()
10:29:05 - readline from ARDUINO:b''()
10:29:07 - readline from ARDUINO:b''()
10:29:09 - readline from ARDUINO:b''()
10:29:11 - readline from ARDUINO:b''()
10:29:13 - readline from ARDUINO:b''()
10:29:15 - readline from ARDUINO:b''()
10:29:17 - readline from ARDUINO:b''()
10:29:19 - readline from ARDUINO:b''()
10:29:21 - readline from ARDUINO:b''()
10:29:23 - readline from ARDUINO:b''()
10:29:25 - readline from ARDUINO:b''()
10:29:27 - readline from ARDUINO:b''()
10:29:29 - readline from ARDUINO:b''()
10:29:31 - readline from ARDUINO:b''()
10:29:33 - readline from ARDUINO:b''()
10:29:35 - readline from ARDUINO:b''()
10:29:37 - readline from ARDUINO:b''()
10:29:39 - readline from ARDUINO:b''()
10:29:41 - readline from ARDUINO:b''()
10:29:43 - readline from ARDUINO:b''()
10:29:45 - readline from ARDUINO:b''()
10:29:47 - readline from ARDUINO:b''()
10:29:49 - readline from ARDUINO:b''()
10:29:51 - readline from ARDUINO:b''()
10:29:53 - readline from ARDUINO:b''()
10:29:55 - readline from ARDUINO:b''()
10:29:56 - Open logfile: D:\data\doc\GitHub\pyMobaLedLib\python\logfile.log
